The system is: Linux - 5.4.0-1036-azure - x86_64
Compiling the C compiler identification source file "CMakeCCompilerId.c" succeeded.
Compiler: /usr/bin/cc 
Build flags: 
Id flags:  

The output was:
0


Compilation of the C compiler identification source "CMakeCCompilerId.c" produced "a.out"

The C compiler identification is GNU, found in "/__w/OpenTTD-modded/OpenTTD-modded/em_build/host_tools/CMakeFiles/3.13.4/CompilerIdC/a.out"

Compiling the CXX compiler identification source file "CMakeCXXCompilerId.cpp" succeeded.
Compiler: /usr/bin/c++ 
Build flags: 
Id flags:  

The output was:
0


Compilation of the CXX compiler identification source "CMakeCXXCompilerId.cpp" produced "a.out"

The CXX compiler identification is GNU, found in "/__w/OpenTTD-modded/OpenTTD-modded/em_build/host_tools/CMakeFiles/3.13.4/CompilerIdCXX/a.out"

Determining if the C compiler works passed with the following output:
Change Dir: /__w/OpenTTD-modded/OpenTTD-modded/em_build/host_tools/CMakeFiles/CMakeTmp

Run Build Command:"/usr/bin/make" "cmTC_55ab1/fast"
/usr/bin/make -f CMakeFiles/cmTC_55ab1.dir/build.make CMakeFiles/cmTC_55ab1.dir/build
make[1]: Entering directory '/__w/OpenTTD-modded/OpenTTD-modded/em_build/host_tools/CMakeFiles/CMakeTmp'
Building C object CMakeFiles/cmTC_55ab1.dir/testCCompiler.c.o
/usr/bin/cc    -o CMakeFiles/cmTC_55ab1.dir/testCCompiler.c.o   -c /__w/OpenTTD-modded/OpenTTD-modded/em_build/host_tools/CMakeFiles/CMakeTmp/testCCompiler.c
Linking C executable cmTC_55ab1
/usr/bin/cmake -E cmake_link_script CMakeFiles/cmTC_55ab1.dir/link.txt --verbose=1
/usr/bin/cc      CMakeFiles/cmTC_55ab1.dir/testCCompiler.c.o  -o cmTC_55ab1 
make[1]: Leaving directory '/__w/OpenTTD-modded/OpenTTD-modded/em_build/host_tools/CMakeFiles/CMakeTmp'


Detecting C compiler ABI info compiled with the following output:
Change Dir: /__w/OpenTTD-modded/OpenTTD-modded/em_build/host_tools/CMakeFiles/CMakeTmp

Run Build Command:"/usr/bin/make" "cmTC_fab39/fast"
/usr/bin/make -f CMakeFiles/cmTC_fab39.dir/build.make CMakeFiles/cmTC_fab39.dir/build
make[1]: Entering directory '/__w/OpenTTD-modded/OpenTTD-modded/em_build/host_tools/CMakeFiles/CMakeTmp'
Building C object CMakeFiles/cmTC_fab39.dir/CMakeCCompilerABI.c.o
/usr/bin/cc    -o CMakeFiles/cmTC_fab39.dir/CMakeCCompilerABI.c.o   -c /usr/share/cmake-3.13/Modules/CMakeCCompilerABI.c
Linking C executable cmTC_fab39
/usr/bin/cmake -E cmake_link_script CMakeFiles/cmTC_fab39.dir/link.txt --verbose=1
/usr/bin/cc     -v CMakeFiles/cmTC_fab39.dir/CMakeCCompilerABI.c.o  -o cmTC_fab39 
Using built-in specs.
COLLECT_GCC=/usr/bin/cc
COLLECT_LTO_WRAPPER=/usr/lib/gcc/x86_64-linux-gnu/8/lto-wrapper
OFFLOAD_TARGET_NAMES=nvptx-none
OFFLOAD_TARGET_DEFAULT=1
Target: x86_64-linux-gnu
Configured with: ../src/configure -v --with-pkgversion='Debian 8.3.0-6' --with-bugurl=file:///usr/share/doc/gcc-8/README.Bugs --enable-languages=c,ada,c++,go,brig,d,fortran,objc,obj-c++ --prefix=/usr --with-gcc-major-version-only --program-suffix=-8 --program-prefix=x86_64-linux-gnu- --enable-shared --enable-linker-build-id --libexecdir=/usr/lib --without-included-gettext --enable-threads=posix --libdir=/usr/lib --enable-nls --enable-bootstrap --enable-clocale=gnu --enable-libstdcxx-debug --enable-libstdcxx-time=yes --with-default-libstdcxx-abi=new --enable-gnu-unique-object --disable-vtable-verify --enable-libmpx --enable-plugin --enable-default-pie --with-system-zlib --with-target-system-zlib --enable-objc-gc=auto --enable-multiarch --disable-werror --with-arch-32=i686 --with-abi=m64 --with-multilib-list=m32,m64,mx32 --enable-multilib --with-tune=generic --enable-offload-targets=nvptx-none --without-cuda-driver --enable-checking=release --build=x86_64-linux-gnu --host=x86_64-linux-gnu --target=x86_64-linux-gnu
Thread model: posix
gcc version 8.3.0 (Debian 8.3.0-6) 
COMPILER_PATH=/usr/lib/gcc/x86_64-linux-gnu/8/:/usr/lib/gcc/x86_64-linux-gnu/8/:/usr/lib/gcc/x86_64-linux-gnu/:/usr/lib/gcc/x86_64-linux-gnu/8/:/usr/lib/gcc/x86_64-linux-gnu/
LIBRARY_PATH=/usr/lib/gcc/x86_64-linux-gnu/8/:/usr/lib/gcc/x86_64-linux-gnu/8/../../../x86_64-linux-gnu/:/usr/lib/gcc/x86_64-linux-gnu/8/../../../../lib/:/lib/x86_64-linux-gnu/:/lib/../lib/:/usr/lib/x86_64-linux-gnu/:/usr/lib/../lib/:/usr/lib/gcc/x86_64-linux-gnu/8/../../../:/lib/:/usr/lib/
COLLECT_GCC_OPTIONS='-v' '-o' 'cmTC_fab39' '-mtune=generic' '-march=x86-64'
 /usr/lib/gcc/x86_64-linux-gnu/8/collect2 -plugin /usr/lib/gcc/x86_64-linux-gnu/8/liblto_plugin.so -plugin-opt=/usr/lib/gcc/x86_64-linux-gnu/8/lto-wrapper -plugin-opt=-fresolution=/tmp/ccG1hB1X.res -plugin-opt=-pass-through=-lgcc -plugin-opt=-pass-through=-lgcc_s -plugin-opt=-pass-through=-lc -plugin-opt=-pass-through=-lgcc -plugin-opt=-pass-through=-lgcc_s --build-id --eh-frame-hdr -m elf_x86_64 --hash-style=gnu -dynamic-linker /lib64/ld-linux-x86-64.so.2 -pie -o cmTC_fab39 /usr/lib/gcc/x86_64-linux-gnu/8/../../../x86_64-linux-gnu/Scrt1.o /usr/lib/gcc/x86_64-linux-gnu/8/../../../x86_64-linux-gnu/crti.o /usr/lib/gcc/x86_64-linux-gnu/8/crtbeginS.o -L/usr/lib/gcc/x86_64-linux-gnu/8 -L/usr/lib/gcc/x86_64-linux-gnu/8/../../../x86_64-linux-gnu -L/usr/lib/gcc/x86_64-linux-gnu/8/../../../../lib -L/lib/x86_64-linux-gnu -L/lib/../lib -L/usr/lib/x86_64-linux-gnu -L/usr/lib/../lib -L/usr/lib/gcc/x86_64-linux-gnu/8/../../.. CMakeFiles/cmTC_fab39.dir/CMakeCCompilerABI.c.o -lgcc --push-state --as-needed -lgcc_s --pop-state -lc -lgcc --push-state --as-needed -lgcc_s --pop-state /usr/lib/gcc/x86_64-linux-gnu/8/crtendS.o /usr/lib/gcc/x86_64-linux-gnu/8/../../../x86_64-linux-gnu/crtn.o
COLLECT_GCC_OPTIONS='-v' '-o' 'cmTC_fab39' '-mtune=generic' '-march=x86-64'
make[1]: Leaving directory '/__w/OpenTTD-modded/OpenTTD-modded/em_build/host_tools/CMakeFiles/CMakeTmp'


Parsed C implicit link information from above output:
  link line regex: [^( *|.*[/\])(ld|CMAKE_LINK_STARTFILE-NOTFOUND|([^/\]+-)?ld|collect2)[^/\]*( |$)]
  ignore line: [Change Dir: /__w/OpenTTD-modded/OpenTTD-modded/em_build/host_tools/CMakeFiles/CMakeTmp]
  ignore line: []
  ignore line: [Run Build Command:"/usr/bin/make" "cmTC_fab39/fast"]
  ignore line: [/usr/bin/make -f CMakeFiles/cmTC_fab39.dir/build.make CMakeFiles/cmTC_fab39.dir/build]
  ignore line: [make[1]: Entering directory '/__w/OpenTTD-modded/OpenTTD-modded/em_build/host_tools/CMakeFiles/CMakeTmp']
  ignore line: [Building C object CMakeFiles/cmTC_fab39.dir/CMakeCCompilerABI.c.o]
  ignore line: [/usr/bin/cc    -o CMakeFiles/cmTC_fab39.dir/CMakeCCompilerABI.c.o   -c /usr/share/cmake-3.13/Modules/CMakeCCompilerABI.c]
  ignore line: [Linking C executable cmTC_fab39]
  ignore line: [/usr/bin/cmake -E cmake_link_script CMakeFiles/cmTC_fab39.dir/link.txt --verbose=1]
  ignore line: [/usr/bin/cc     -v CMakeFiles/cmTC_fab39.dir/CMakeCCompilerABI.c.o  -o cmTC_fab39 ]
  ignore line: [Using built-in specs.]
  ignore line: [COLLECT_GCC=/usr/bin/cc]
  ignore line: [COLLECT_LTO_WRAPPER=/usr/lib/gcc/x86_64-linux-gnu/8/lto-wrapper]
  ignore line: [OFFLOAD_TARGET_NAMES=nvptx-none]
  ignore line: [OFFLOAD_TARGET_DEFAULT=1]
  ignore line: [Target: x86_64-linux-gnu]
  ignore line: [Configured with: ../src/configure -v --with-pkgversion='Debian 8.3.0-6' --with-bugurl=file:///usr/share/doc/gcc-8/README.Bugs --enable-languages=c,ada,c++,go,brig,d,fortran,objc,obj-c++ --prefix=/usr --with-gcc-major-version-only --program-suffix=-8 --program-prefix=x86_64-linux-gnu- --enable-shared --enable-linker-build-id --libexecdir=/usr/lib --without-included-gettext --enable-threads=posix --libdir=/usr/lib --enable-nls --enable-bootstrap --enable-clocale=gnu --enable-libstdcxx-debug --enable-libstdcxx-time=yes --with-default-libstdcxx-abi=new --enable-gnu-unique-object --disable-vtable-verify --enable-libmpx --enable-plugin --enable-default-pie --with-system-zlib --with-target-system-zlib --enable-objc-gc=auto --enable-multiarch --disable-werror --with-arch-32=i686 --with-abi=m64 --with-multilib-list=m32,m64,mx32 --enable-multilib --with-tune=generic --enable-offload-targets=nvptx-none --without-cuda-driver --enable-checking=release --build=x86_64-linux-gnu --host=x86_64-linux-gnu --target=x86_64-linux-gnu]
  ignore line: [Thread model: posix]
  ignore line: [gcc version 8.3.0 (Debian 8.3.0-6) ]
  ignore line: [COMPILER_PATH=/usr/lib/gcc/x86_64-linux-gnu/8/:/usr/lib/gcc/x86_64-linux-gnu/8/:/usr/lib/gcc/x86_64-linux-gnu/:/usr/lib/gcc/x86_64-linux-gnu/8/:/usr/lib/gcc/x86_64-linux-gnu/]
  ignore line: [LIBRARY_PATH=/usr/lib/gcc/x86_64-linux-gnu/8/:/usr/lib/gcc/x86_64-linux-gnu/8/../../../x86_64-linux-gnu/:/usr/lib/gcc/x86_64-linux-gnu/8/../../../../lib/:/lib/x86_64-linux-gnu/:/lib/../lib/:/usr/lib/x86_64-linux-gnu/:/usr/lib/../lib/:/usr/lib/gcc/x86_64-linux-gnu/8/../../../:/lib/:/usr/lib/]
  ignore line: [COLLECT_GCC_OPTIONS='-v' '-o' 'cmTC_fab39' '-mtune=generic' '-march=x86-64']
  link line: [ /usr/lib/gcc/x86_64-linux-gnu/8/collect2 -plugin /usr/lib/gcc/x86_64-linux-gnu/8/liblto_plugin.so -plugin-opt=/usr/lib/gcc/x86_64-linux-gnu/8/lto-wrapper -plugin-opt=-fresolution=/tmp/ccG1hB1X.res -plugin-opt=-pass-through=-lgcc -plugin-opt=-pass-through=-lgcc_s -plugin-opt=-pass-through=-lc -plugin-opt=-pass-through=-lgcc -plugin-opt=-pass-through=-lgcc_s --build-id --eh-frame-hdr -m elf_x86_64 --hash-style=gnu -dynamic-linker /lib64/ld-linux-x86-64.so.2 -pie -o cmTC_fab39 /usr/lib/gcc/x86_64-linux-gnu/8/../../../x86_64-linux-gnu/Scrt1.o /usr/lib/gcc/x86_64-linux-gnu/8/../../../x86_64-linux-gnu/crti.o /usr/lib/gcc/x86_64-linux-gnu/8/crtbeginS.o -L/usr/lib/gcc/x86_64-linux-gnu/8 -L/usr/lib/gcc/x86_64-linux-gnu/8/../../../x86_64-linux-gnu -L/usr/lib/gcc/x86_64-linux-gnu/8/../../../../lib -L/lib/x86_64-linux-gnu -L/lib/../lib -L/usr/lib/x86_64-linux-gnu -L/usr/lib/../lib -L/usr/lib/gcc/x86_64-linux-gnu/8/../../.. CMakeFiles/cmTC_fab39.dir/CMakeCCompilerABI.c.o -lgcc --push-state --as-needed -lgcc_s --pop-state -lc -lgcc --push-state --as-needed -lgcc_s --pop-state /usr/lib/gcc/x86_64-linux-gnu/8/crtendS.o /usr/lib/gcc/x86_64-linux-gnu/8/../../../x86_64-linux-gnu/crtn.o]
    arg [/usr/lib/gcc/x86_64-linux-gnu/8/collect2] ==> ignore
    arg [-plugin] ==> ignore
    arg [/usr/lib/gcc/x86_64-linux-gnu/8/liblto_plugin.so] ==> ignore
    arg [-plugin-opt=/usr/lib/gcc/x86_64-linux-gnu/8/lto-wrapper] ==> ignore
    arg [-plugin-opt=-fresolution=/tmp/ccG1hB1X.res] ==> ignore
    arg [-plugin-opt=-pass-through=-lgcc] ==> ignore
    arg [-plugin-opt=-pass-through=-lgcc_s] ==> ignore
    arg [-plugin-opt=-pass-through=-lc] ==> ignore
    arg [-plugin-opt=-pass-through=-lgcc] ==> ignore
    arg [-plugin-opt=-pass-through=-lgcc_s] ==> ignore
    arg [--build-id] ==> ignore
    arg [--eh-frame-hdr] ==> ignore
    arg [-m] ==> ignore
    arg [elf_x86_64] ==> ignore
    arg [--hash-style=gnu] ==> ignore
    arg [-dynamic-linker] ==> ignore
    arg [/lib64/ld-linux-x86-64.so.2] ==> ignore
    arg [-pie] ==> ignore
    arg [-o] ==> ignore
    arg [cmTC_fab39] ==> ignore
    arg [/usr/lib/gcc/x86_64-linux-gnu/8/../../../x86_64-linux-gnu/Scrt1.o] ==> ignore
    arg [/usr/lib/gcc/x86_64-linux-gnu/8/../../../x86_64-linux-gnu/crti.o] ==> ignore
    arg [/usr/lib/gcc/x86_64-linux-gnu/8/crtbeginS.o] ==> ignore
    arg [-L/usr/lib/gcc/x86_64-linux-gnu/8] ==> dir [/usr/lib/gcc/x86_64-linux-gnu/8]
    arg [-L/usr/lib/gcc/x86_64-linux-gnu/8/../../../x86_64-linux-gnu] ==> dir [/usr/lib/gcc/x86_64-linux-gnu/8/../../../x86_64-linux-gnu]
    arg [-L/usr/lib/gcc/x86_64-linux-gnu/8/../../../../lib] ==> dir [/usr/lib/gcc/x86_64-linux-gnu/8/../../../../lib]
    arg [-L/lib/x86_64-linux-gnu] ==> dir [/lib/x86_64-linux-gnu]
    arg [-L/lib/../lib] ==> dir [/lib/../lib]
    arg [-L/usr/lib/x86_64-linux-gnu] ==> dir [/usr/lib/x86_64-linux-gnu]
    arg [-L/usr/lib/../lib] ==> dir [/usr/lib/../lib]
    arg [-L/usr/lib/gcc/x86_64-linux-gnu/8/../../..] ==> dir [/usr/lib/gcc/x86_64-linux-gnu/8/../../..]
    arg [CMakeFiles/cmTC_fab39.dir/CMakeCCompilerABI.c.o] ==> ignore
    arg [-lgcc] ==> lib [gcc]
    arg [--push-state] ==> ignore
    arg [--as-needed] ==> ignore
    arg [-lgcc_s] ==> lib [gcc_s]
    arg [--pop-state] ==> ignore
    arg [-lc] ==> lib [c]
    arg [-lgcc] ==> lib [gcc]
    arg [--push-state] ==> ignore
    arg [--as-needed] ==> ignore
    arg [-lgcc_s] ==> lib [gcc_s]
    arg [--pop-state] ==> ignore
    arg [/usr/lib/gcc/x86_64-linux-gnu/8/crtendS.o] ==> ignore
    arg [/usr/lib/gcc/x86_64-linux-gnu/8/../../../x86_64-linux-gnu/crtn.o] ==> ignore
  collapse library dir [/usr/lib/gcc/x86_64-linux-gnu/8] ==> [/usr/lib/gcc/x86_64-linux-gnu/8]
  collapse library dir [/usr/lib/gcc/x86_64-linux-gnu/8/../../../x86_64-linux-gnu] ==> [/usr/lib/x86_64-linux-gnu]
  collapse library dir [/usr/lib/gcc/x86_64-linux-gnu/8/../../../../lib] ==> [/usr/lib]
  collapse library dir [/lib/x86_64-linux-gnu] ==> [/lib/x86_64-linux-gnu]
  collapse library dir [/lib/../lib] ==> [/lib]
  collapse library dir [/usr/lib/x86_64-linux-gnu] ==> [/usr/lib/x86_64-linux-gnu]
  collapse library dir [/usr/lib/../lib] ==> [/usr/lib]
  collapse library dir [/usr/lib/gcc/x86_64-linux-gnu/8/../../..] ==> [/usr/lib]
  implicit libs: [gcc;gcc_s;c;gcc;gcc_s]
  implicit dirs: [/usr/lib/gcc/x86_64-linux-gnu/8;/usr/lib/x86_64-linux-gnu;/usr/lib;/lib/x86_64-linux-gnu;/lib]
  implicit fwks: []




Detecting C [-std=c11] compiler features compiled with the following output:
Change Dir: /__w/OpenTTD-modded/OpenTTD-modded/em_build/host_tools/CMakeFiles/CMakeTmp

Run Build Command:"/usr/bin/make" "cmTC_5a7b9/fast"
/usr/bin/make -f CMakeFiles/cmTC_5a7b9.dir/build.make CMakeFiles/cmTC_5a7b9.dir/build
make[1]: Entering directory '/__w/OpenTTD-modded/OpenTTD-modded/em_build/host_tools/CMakeFiles/CMakeTmp'
Building C object CMakeFiles/cmTC_5a7b9.dir/feature_tests.c.o
/usr/bin/cc   -std=c11 -o CMakeFiles/cmTC_5a7b9.dir/feature_tests.c.o   -c /__w/OpenTTD-modded/OpenTTD-modded/em_build/host_tools/CMakeFiles/feature_tests.c
Linking C executable cmTC_5a7b9
/usr/bin/cmake -E cmake_link_script CMakeFiles/cmTC_5a7b9.dir/link.txt --verbose=1
/usr/bin/cc      CMakeFiles/cmTC_5a7b9.dir/feature_tests.c.o  -o cmTC_5a7b9 
make[1]: Leaving directory '/__w/OpenTTD-modded/OpenTTD-modded/em_build/host_tools/CMakeFiles/CMakeTmp'


    Feature record: C_FEATURE:1c_function_prototypes
    Feature record: C_FEATURE:1c_restrict
    Feature record: C_FEATURE:1c_static_assert
    Feature record: C_FEATURE:1c_variadic_macros


Detecting C [-std=c99] compiler features compiled with the following output:
Change Dir: /__w/OpenTTD-modded/OpenTTD-modded/em_build/host_tools/CMakeFiles/CMakeTmp

Run Build Command:"/usr/bin/make" "cmTC_2d4b3/fast"
/usr/bin/make -f CMakeFiles/cmTC_2d4b3.dir/build.make CMakeFiles/cmTC_2d4b3.dir/build
make[1]: Entering directory '/__w/OpenTTD-modded/OpenTTD-modded/em_build/host_tools/CMakeFiles/CMakeTmp'
Building C object CMakeFiles/cmTC_2d4b3.dir/feature_tests.c.o
/usr/bin/cc   -std=c99 -o CMakeFiles/cmTC_2d4b3.dir/feature_tests.c.o   -c /__w/OpenTTD-modded/OpenTTD-modded/em_build/host_tools/CMakeFiles/feature_tests.c
Linking C executable cmTC_2d4b3
/usr/bin/cmake -E cmake_link_script CMakeFiles/cmTC_2d4b3.dir/link.txt --verbose=1
/usr/bin/cc      CMakeFiles/cmTC_2d4b3.dir/feature_tests.c.o  -o cmTC_2d4b3 
make[1]: Leaving directory '/__w/OpenTTD-modded/OpenTTD-modded/em_build/host_tools/CMakeFiles/CMakeTmp'


    Feature record: C_FEATURE:1c_function_prototypes
    Feature record: C_FEATURE:1c_restrict
    Feature record: C_FEATURE:0c_static_assert
    Feature record: C_FEATURE:1c_variadic_macros


Detecting C [-std=c90] compiler features compiled with the following output:
Change Dir: /__w/OpenTTD-modded/OpenTTD-modded/em_build/host_tools/CMakeFiles/CMakeTmp

Run Build Command:"/usr/bin/make" "cmTC_5d745/fast"
/usr/bin/make -f CMakeFiles/cmTC_5d745.dir/build.make CMakeFiles/cmTC_5d745.dir/build
make[1]: Entering directory '/__w/OpenTTD-modded/OpenTTD-modded/em_build/host_tools/CMakeFiles/CMakeTmp'
Building C object CMakeFiles/cmTC_5d745.dir/feature_tests.c.o
/usr/bin/cc   -std=c90 -o CMakeFiles/cmTC_5d745.dir/feature_tests.c.o   -c /__w/OpenTTD-modded/OpenTTD-modded/em_build/host_tools/CMakeFiles/feature_tests.c
Linking C executable cmTC_5d745
/usr/bin/cmake -E cmake_link_script CMakeFiles/cmTC_5d745.dir/link.txt --verbose=1
/usr/bin/cc      CMakeFiles/cmTC_5d745.dir/feature_tests.c.o  -o cmTC_5d745 
make[1]: Leaving directory '/__w/OpenTTD-modded/OpenTTD-modded/em_build/host_tools/CMakeFiles/CMakeTmp'


    Feature record: C_FEATURE:1c_function_prototypes
    Feature record: C_FEATURE:0c_restrict
    Feature record: C_FEATURE:0c_static_assert
    Feature record: C_FEATURE:0c_variadic_macros
Determining if the CXX compiler works passed with the following output:
Change Dir: /__w/OpenTTD-modded/OpenTTD-modded/em_build/host_tools/CMakeFiles/CMakeTmp

Run Build Command:"/usr/bin/make" "cmTC_0099a/fast"
/usr/bin/make -f CMakeFiles/cmTC_0099a.dir/build.make CMakeFiles/cmTC_0099a.dir/build
make[1]: Entering directory '/__w/OpenTTD-modded/OpenTTD-modded/em_build/host_tools/CMakeFiles/CMakeTmp'
Building CXX object CMakeFiles/cmTC_0099a.dir/testCXXCompiler.cxx.o
/usr/bin/c++     -o CMakeFiles/cmTC_0099a.dir/testCXXCompiler.cxx.o -c /__w/OpenTTD-modded/OpenTTD-modded/em_build/host_tools/CMakeFiles/CMakeTmp/testCXXCompiler.cxx
Linking CXX executable cmTC_0099a
/usr/bin/cmake -E cmake_link_script CMakeFiles/cmTC_0099a.dir/link.txt --verbose=1
/usr/bin/c++       CMakeFiles/cmTC_0099a.dir/testCXXCompiler.cxx.o  -o cmTC_0099a 
make[1]: Leaving directory '/__w/OpenTTD-modded/OpenTTD-modded/em_build/host_tools/CMakeFiles/CMakeTmp'


Detecting CXX compiler ABI info compiled with the following output:
Change Dir: /__w/OpenTTD-modded/OpenTTD-modded/em_build/host_tools/CMakeFiles/CMakeTmp

Run Build Command:"/usr/bin/make" "cmTC_a8383/fast"
/usr/bin/make -f CMakeFiles/cmTC_a8383.dir/build.make CMakeFiles/cmTC_a8383.dir/build
make[1]: Entering directory '/__w/OpenTTD-modded/OpenTTD-modded/em_build/host_tools/CMakeFiles/CMakeTmp'
Building CXX object CMakeFiles/cmTC_a8383.dir/CMakeCXXCompilerABI.cpp.o
/usr/bin/c++     -o CMakeFiles/cmTC_a8383.dir/CMakeCXXCompilerABI.cpp.o -c /usr/share/cmake-3.13/Modules/CMakeCXXCompilerABI.cpp
Linking CXX executable cmTC_a8383
/usr/bin/cmake -E cmake_link_script CMakeFiles/cmTC_a8383.dir/link.txt --verbose=1
/usr/bin/c++      -v CMakeFiles/cmTC_a8383.dir/CMakeCXXCompilerABI.cpp.o  -o cmTC_a8383 
Using built-in specs.
COLLECT_GCC=/usr/bin/c++
COLLECT_LTO_WRAPPER=/usr/lib/gcc/x86_64-linux-gnu/8/lto-wrapper
OFFLOAD_TARGET_NAMES=nvptx-none
OFFLOAD_TARGET_DEFAULT=1
Target: x86_64-linux-gnu
Configured with: ../src/configure -v --with-pkgversion='Debian 8.3.0-6' --with-bugurl=file:///usr/share/doc/gcc-8/README.Bugs --enable-languages=c,ada,c++,go,brig,d,fortran,objc,obj-c++ --prefix=/usr --with-gcc-major-version-only --program-suffix=-8 --program-prefix=x86_64-linux-gnu- --enable-shared --enable-linker-build-id --libexecdir=/usr/lib --without-included-gettext --enable-threads=posix --libdir=/usr/lib --enable-nls --enable-bootstrap --enable-clocale=gnu --enable-libstdcxx-debug --enable-libstdcxx-time=yes --with-default-libstdcxx-abi=new --enable-gnu-unique-object --disable-vtable-verify --enable-libmpx --enable-plugin --enable-default-pie --with-system-zlib --with-target-system-zlib --enable-objc-gc=auto --enable-multiarch --disable-werror --with-arch-32=i686 --with-abi=m64 --with-multilib-list=m32,m64,mx32 --enable-multilib --with-tune=generic --enable-offload-targets=nvptx-none --without-cuda-driver --enable-checking=release --build=x86_64-linux-gnu --host=x86_64-linux-gnu --target=x86_64-linux-gnu
Thread model: posix
gcc version 8.3.0 (Debian 8.3.0-6) 
COMPILER_PATH=/usr/lib/gcc/x86_64-linux-gnu/8/:/usr/lib/gcc/x86_64-linux-gnu/8/:/usr/lib/gcc/x86_64-linux-gnu/:/usr/lib/gcc/x86_64-linux-gnu/8/:/usr/lib/gcc/x86_64-linux-gnu/
LIBRARY_PATH=/usr/lib/gcc/x86_64-linux-gnu/8/:/usr/lib/gcc/x86_64-linux-gnu/8/../../../x86_64-linux-gnu/:/usr/lib/gcc/x86_64-linux-gnu/8/../../../../lib/:/lib/x86_64-linux-gnu/:/lib/../lib/:/usr/lib/x86_64-linux-gnu/:/usr/lib/../lib/:/usr/lib/gcc/x86_64-linux-gnu/8/../../../:/lib/:/usr/lib/
COLLECT_GCC_OPTIONS='-v' '-o' 'cmTC_a8383' '-shared-libgcc' '-mtune=generic' '-march=x86-64'
 /usr/lib/gcc/x86_64-linux-gnu/8/collect2 -plugin /usr/lib/gcc/x86_64-linux-gnu/8/liblto_plugin.so -plugin-opt=/usr/lib/gcc/x86_64-linux-gnu/8/lto-wrapper -plugin-opt=-fresolution=/tmp/ccXbjIzq.res -plugin-opt=-pass-through=-lgcc_s -plugin-opt=-pass-through=-lgcc -plugin-opt=-pass-through=-lc -plugin-opt=-pass-through=-lgcc_s -plugin-opt=-pass-through=-lgcc --build-id --eh-frame-hdr -m elf_x86_64 --hash-style=gnu -dynamic-linker /lib64/ld-linux-x86-64.so.2 -pie -o cmTC_a8383 /usr/lib/gcc/x86_64-linux-gnu/8/../../../x86_64-linux-gnu/Scrt1.o /usr/lib/gcc/x86_64-linux-gnu/8/../../../x86_64-linux-gnu/crti.o /usr/lib/gcc/x86_64-linux-gnu/8/crtbeginS.o -L/usr/lib/gcc/x86_64-linux-gnu/8 -L/usr/lib/gcc/x86_64-linux-gnu/8/../../../x86_64-linux-gnu -L/usr/lib/gcc/x86_64-linux-gnu/8/../../../../lib -L/lib/x86_64-linux-gnu -L/lib/../lib -L/usr/lib/x86_64-linux-gnu -L/usr/lib/../lib -L/usr/lib/gcc/x86_64-linux-gnu/8/../../.. CMakeFiles/cmTC_a8383.dir/CMakeCXXCompilerABI.cpp.o -lstdc++ -lm -lgcc_s -lgcc -lc -lgcc_s -lgcc /usr/lib/gcc/x86_64-linux-gnu/8/crtendS.o /usr/lib/gcc/x86_64-linux-gnu/8/../../../x86_64-linux-gnu/crtn.o
COLLECT_GCC_OPTIONS='-v' '-o' 'cmTC_a8383' '-shared-libgcc' '-mtune=generic' '-march=x86-64'
make[1]: Leaving directory '/__w/OpenTTD-modded/OpenTTD-modded/em_build/host_tools/CMakeFiles/CMakeTmp'


Parsed CXX implicit link information from above output:
  link line regex: [^( *|.*[/\])(ld|CMAKE_LINK_STARTFILE-NOTFOUND|([^/\]+-)?ld|collect2)[^/\]*( |$)]
  ignore line: [Change Dir: /__w/OpenTTD-modded/OpenTTD-modded/em_build/host_tools/CMakeFiles/CMakeTmp]
  ignore line: []
  ignore line: [Run Build Command:"/usr/bin/make" "cmTC_a8383/fast"]
  ignore line: [/usr/bin/make -f CMakeFiles/cmTC_a8383.dir/build.make CMakeFiles/cmTC_a8383.dir/build]
  ignore line: [make[1]: Entering directory '/__w/OpenTTD-modded/OpenTTD-modded/em_build/host_tools/CMakeFiles/CMakeTmp']
  ignore line: [Building CXX object CMakeFiles/cmTC_a8383.dir/CMakeCXXCompilerABI.cpp.o]
  ignore line: [/usr/bin/c++     -o CMakeFiles/cmTC_a8383.dir/CMakeCXXCompilerABI.cpp.o -c /usr/share/cmake-3.13/Modules/CMakeCXXCompilerABI.cpp]
  ignore line: [Linking CXX executable cmTC_a8383]
  ignore line: [/usr/bin/cmake -E cmake_link_script CMakeFiles/cmTC_a8383.dir/link.txt --verbose=1]
  ignore line: [/usr/bin/c++      -v CMakeFiles/cmTC_a8383.dir/CMakeCXXCompilerABI.cpp.o  -o cmTC_a8383 ]
  ignore line: [Using built-in specs.]
  ignore line: [COLLECT_GCC=/usr/bin/c++]
  ignore line: [COLLECT_LTO_WRAPPER=/usr/lib/gcc/x86_64-linux-gnu/8/lto-wrapper]
  ignore line: [OFFLOAD_TARGET_NAMES=nvptx-none]
  ignore line: [OFFLOAD_TARGET_DEFAULT=1]
  ignore line: [Target: x86_64-linux-gnu]
  ignore line: [Configured with: ../src/configure -v --with-pkgversion='Debian 8.3.0-6' --with-bugurl=file:///usr/share/doc/gcc-8/README.Bugs --enable-languages=c,ada,c++,go,brig,d,fortran,objc,obj-c++ --prefix=/usr --with-gcc-major-version-only --program-suffix=-8 --program-prefix=x86_64-linux-gnu- --enable-shared --enable-linker-build-id --libexecdir=/usr/lib --without-included-gettext --enable-threads=posix --libdir=/usr/lib --enable-nls --enable-bootstrap --enable-clocale=gnu --enable-libstdcxx-debug --enable-libstdcxx-time=yes --with-default-libstdcxx-abi=new --enable-gnu-unique-object --disable-vtable-verify --enable-libmpx --enable-plugin --enable-default-pie --with-system-zlib --with-target-system-zlib --enable-objc-gc=auto --enable-multiarch --disable-werror --with-arch-32=i686 --with-abi=m64 --with-multilib-list=m32,m64,mx32 --enable-multilib --with-tune=generic --enable-offload-targets=nvptx-none --without-cuda-driver --enable-checking=release --build=x86_64-linux-gnu --host=x86_64-linux-gnu --target=x86_64-linux-gnu]
  ignore line: [Thread model: posix]
  ignore line: [gcc version 8.3.0 (Debian 8.3.0-6) ]
  ignore line: [COMPILER_PATH=/usr/lib/gcc/x86_64-linux-gnu/8/:/usr/lib/gcc/x86_64-linux-gnu/8/:/usr/lib/gcc/x86_64-linux-gnu/:/usr/lib/gcc/x86_64-linux-gnu/8/:/usr/lib/gcc/x86_64-linux-gnu/]
  ignore line: [LIBRARY_PATH=/usr/lib/gcc/x86_64-linux-gnu/8/:/usr/lib/gcc/x86_64-linux-gnu/8/../../../x86_64-linux-gnu/:/usr/lib/gcc/x86_64-linux-gnu/8/../../../../lib/:/lib/x86_64-linux-gnu/:/lib/../lib/:/usr/lib/x86_64-linux-gnu/:/usr/lib/../lib/:/usr/lib/gcc/x86_64-linux-gnu/8/../../../:/lib/:/usr/lib/]
  ignore line: [COLLECT_GCC_OPTIONS='-v' '-o' 'cmTC_a8383' '-shared-libgcc' '-mtune=generic' '-march=x86-64']
  link line: [ /usr/lib/gcc/x86_64-linux-gnu/8/collect2 -plugin /usr/lib/gcc/x86_64-linux-gnu/8/liblto_plugin.so -plugin-opt=/usr/lib/gcc/x86_64-linux-gnu/8/lto-wrapper -plugin-opt=-fresolution=/tmp/ccXbjIzq.res -plugin-opt=-pass-through=-lgcc_s -plugin-opt=-pass-through=-lgcc -plugin-opt=-pass-through=-lc -plugin-opt=-pass-through=-lgcc_s -plugin-opt=-pass-through=-lgcc --build-id --eh-frame-hdr -m elf_x86_64 --hash-style=gnu -dynamic-linker /lib64/ld-linux-x86-64.so.2 -pie -o cmTC_a8383 /usr/lib/gcc/x86_64-linux-gnu/8/../../../x86_64-linux-gnu/Scrt1.o /usr/lib/gcc/x86_64-linux-gnu/8/../../../x86_64-linux-gnu/crti.o /usr/lib/gcc/x86_64-linux-gnu/8/crtbeginS.o -L/usr/lib/gcc/x86_64-linux-gnu/8 -L/usr/lib/gcc/x86_64-linux-gnu/8/../../../x86_64-linux-gnu -L/usr/lib/gcc/x86_64-linux-gnu/8/../../../../lib -L/lib/x86_64-linux-gnu -L/lib/../lib -L/usr/lib/x86_64-linux-gnu -L/usr/lib/../lib -L/usr/lib/gcc/x86_64-linux-gnu/8/../../.. CMakeFiles/cmTC_a8383.dir/CMakeCXXCompilerABI.cpp.o -lstdc++ -lm -lgcc_s -lgcc -lc -lgcc_s -lgcc /usr/lib/gcc/x86_64-linux-gnu/8/crtendS.o /usr/lib/gcc/x86_64-linux-gnu/8/../../../x86_64-linux-gnu/crtn.o]
    arg [/usr/lib/gcc/x86_64-linux-gnu/8/collect2] ==> ignore
    arg [-plugin] ==> ignore
    arg [/usr/lib/gcc/x86_64-linux-gnu/8/liblto_plugin.so] ==> ignore
    arg [-plugin-opt=/usr/lib/gcc/x86_64-linux-gnu/8/lto-wrapper] ==> ignore
    arg [-plugin-opt=-fresolution=/tmp/ccXbjIzq.res] ==> ignore
    arg [-plugin-opt=-pass-through=-lgcc_s] ==> ignore
    arg [-plugin-opt=-pass-through=-lgcc] ==> ignore
    arg [-plugin-opt=-pass-through=-lc] ==> ignore
    arg [-plugin-opt=-pass-through=-lgcc_s] ==> ignore
    arg [-plugin-opt=-pass-through=-lgcc] ==> ignore
    arg [--build-id] ==> ignore
    arg [--eh-frame-hdr] ==> ignore
    arg [-m] ==> ignore
    arg [elf_x86_64] ==> ignore
    arg [--hash-style=gnu] ==> ignore
    arg [-dynamic-linker] ==> ignore
    arg [/lib64/ld-linux-x86-64.so.2] ==> ignore
    arg [-pie] ==> ignore
    arg [-o] ==> ignore
    arg [cmTC_a8383] ==> ignore
    arg [/usr/lib/gcc/x86_64-linux-gnu/8/../../../x86_64-linux-gnu/Scrt1.o] ==> ignore
    arg [/usr/lib/gcc/x86_64-linux-gnu/8/../../../x86_64-linux-gnu/crti.o] ==> ignore
    arg [/usr/lib/gcc/x86_64-linux-gnu/8/crtbeginS.o] ==> ignore
    arg [-L/usr/lib/gcc/x86_64-linux-gnu/8] ==> dir [/usr/lib/gcc/x86_64-linux-gnu/8]
    arg [-L/usr/lib/gcc/x86_64-linux-gnu/8/../../../x86_64-linux-gnu] ==> dir [/usr/lib/gcc/x86_64-linux-gnu/8/../../../x86_64-linux-gnu]
    arg [-L/usr/lib/gcc/x86_64-linux-gnu/8/../../../../lib] ==> dir [/usr/lib/gcc/x86_64-linux-gnu/8/../../../../lib]
    arg [-L/lib/x86_64-linux-gnu] ==> dir [/lib/x86_64-linux-gnu]
    arg [-L/lib/../lib] ==> dir [/lib/../lib]
    arg [-L/usr/lib/x86_64-linux-gnu] ==> dir [/usr/lib/x86_64-linux-gnu]
    arg [-L/usr/lib/../lib] ==> dir [/usr/lib/../lib]
    arg [-L/usr/lib/gcc/x86_64-linux-gnu/8/../../..] ==> dir [/usr/lib/gcc/x86_64-linux-gnu/8/../../..]
    arg [CMakeFiles/cmTC_a8383.dir/CMakeCXXCompilerABI.cpp.o] ==> ignore
    arg [-lstdc++] ==> lib [stdc++]
    arg [-lm] ==> lib [m]
    arg [-lgcc_s] ==> lib [gcc_s]
    arg [-lgcc] ==> lib [gcc]
    arg [-lc] ==> lib [c]
    arg [-lgcc_s] ==> lib [gcc_s]
    arg [-lgcc] ==> lib [gcc]
    arg [/usr/lib/gcc/x86_64-linux-gnu/8/crtendS.o] ==> ignore
    arg [/usr/lib/gcc/x86_64-linux-gnu/8/../../../x86_64-linux-gnu/crtn.o] ==> ignore
  collapse library dir [/usr/lib/gcc/x86_64-linux-gnu/8] ==> [/usr/lib/gcc/x86_64-linux-gnu/8]
  collapse library dir [/usr/lib/gcc/x86_64-linux-gnu/8/../../../x86_64-linux-gnu] ==> [/usr/lib/x86_64-linux-gnu]
  collapse library dir [/usr/lib/gcc/x86_64-linux-gnu/8/../../../../lib] ==> [/usr/lib]
  collapse library dir [/lib/x86_64-linux-gnu] ==> [/lib/x86_64-linux-gnu]
  collapse library dir [/lib/../lib] ==> [/lib]
  collapse library dir [/usr/lib/x86_64-linux-gnu] ==> [/usr/lib/x86_64-linux-gnu]
  collapse library dir [/usr/lib/../lib] ==> [/usr/lib]
  collapse library dir [/usr/lib/gcc/x86_64-linux-gnu/8/../../..] ==> [/usr/lib]
  implicit libs: [stdc++;m;gcc_s;gcc;c;gcc_s;gcc]
  implicit dirs: [/usr/lib/gcc/x86_64-linux-gnu/8;/usr/lib/x86_64-linux-gnu;/usr/lib;/lib/x86_64-linux-gnu;/lib]
  implicit fwks: []




Detecting CXX [-std=c++2a] compiler features compiled with the following output:
Change Dir: /__w/OpenTTD-modded/OpenTTD-modded/em_build/host_tools/CMakeFiles/CMakeTmp

Run Build Command:"/usr/bin/make" "cmTC_fb47d/fast"
/usr/bin/make -f CMakeFiles/cmTC_fb47d.dir/build.make CMakeFiles/cmTC_fb47d.dir/build
make[1]: Entering directory '/__w/OpenTTD-modded/OpenTTD-modded/em_build/host_tools/CMakeFiles/CMakeTmp'
Building CXX object CMakeFiles/cmTC_fb47d.dir/feature_tests.cxx.o
/usr/bin/c++    -std=c++2a -o CMakeFiles/cmTC_fb47d.dir/feature_tests.cxx.o -c /__w/OpenTTD-modded/OpenTTD-modded/em_build/host_tools/CMakeFiles/feature_tests.cxx
Linking CXX executable cmTC_fb47d
/usr/bin/cmake -E cmake_link_script CMakeFiles/cmTC_fb47d.dir/link.txt --verbose=1
/usr/bin/c++       CMakeFiles/cmTC_fb47d.dir/feature_tests.cxx.o  -o cmTC_fb47d 
make[1]: Leaving directory '/__w/OpenTTD-modded/OpenTTD-modded/em_build/host_tools/CMakeFiles/CMakeTmp'


    Feature record: CXX_FEATURE:1cxx_aggregate_default_initializers
    Feature record: CXX_FEATURE:1cxx_alias_templates
    Feature record: CXX_FEATURE:1cxx_alignas
    Feature record: CXX_FEATURE:1cxx_alignof
    Feature record: CXX_FEATURE:1cxx_attributes
    Feature record: CXX_FEATURE:1cxx_attribute_deprecated
    Feature record: CXX_FEATURE:1cxx_auto_type
    Feature record: CXX_FEATURE:1cxx_binary_literals
    Feature record: CXX_FEATURE:1cxx_constexpr
    Feature record: CXX_FEATURE:1cxx_contextual_conversions
    Feature record: CXX_FEATURE:1cxx_decltype
    Feature record: CXX_FEATURE:1cxx_decltype_auto
    Feature record: CXX_FEATURE:1cxx_decltype_incomplete_return_types
    Feature record: CXX_FEATURE:1cxx_default_function_template_args
    Feature record: CXX_FEATURE:1cxx_defaulted_functions
    Feature record: CXX_FEATURE:1cxx_defaulted_move_initializers
    Feature record: CXX_FEATURE:1cxx_delegating_constructors
    Feature record: CXX_FEATURE:1cxx_deleted_functions
    Feature record: CXX_FEATURE:1cxx_digit_separators
    Feature record: CXX_FEATURE:1cxx_enum_forward_declarations
    Feature record: CXX_FEATURE:1cxx_explicit_conversions
    Feature record: CXX_FEATURE:1cxx_extended_friend_declarations
    Feature record: CXX_FEATURE:1cxx_extern_templates
    Feature record: CXX_FEATURE:1cxx_final
    Feature record: CXX_FEATURE:1cxx_func_identifier
    Feature record: CXX_FEATURE:1cxx_generalized_initializers
    Feature record: CXX_FEATURE:1cxx_generic_lambdas
    Feature record: CXX_FEATURE:1cxx_inheriting_constructors
    Feature record: CXX_FEATURE:1cxx_inline_namespaces
    Feature record: CXX_FEATURE:1cxx_lambdas
    Feature record: CXX_FEATURE:1cxx_lambda_init_captures
    Feature record: CXX_FEATURE:1cxx_local_type_template_args
    Feature record: CXX_FEATURE:1cxx_long_long_type
    Feature record: CXX_FEATURE:1cxx_noexcept
    Feature record: CXX_FEATURE:1cxx_nonstatic_member_init
    Feature record: CXX_FEATURE:1cxx_nullptr
    Feature record: CXX_FEATURE:1cxx_override
    Feature record: CXX_FEATURE:1cxx_range_for
    Feature record: CXX_FEATURE:1cxx_raw_string_literals
    Feature record: CXX_FEATURE:1cxx_reference_qualified_functions
    Feature record: CXX_FEATURE:1cxx_relaxed_constexpr
    Feature record: CXX_FEATURE:1cxx_return_type_deduction
    Feature record: CXX_FEATURE:1cxx_right_angle_brackets
    Feature record: CXX_FEATURE:1cxx_rvalue_references
    Feature record: CXX_FEATURE:1cxx_sizeof_member
    Feature record: CXX_FEATURE:1cxx_static_assert
    Feature record: CXX_FEATURE:1cxx_strong_enums
    Feature record: CXX_FEATURE:1cxx_template_template_parameters
    Feature record: CXX_FEATURE:1cxx_thread_local
    Feature record: CXX_FEATURE:1cxx_trailing_return_types
    Feature record: CXX_FEATURE:1cxx_unicode_literals
    Feature record: CXX_FEATURE:1cxx_uniform_initialization
    Feature record: CXX_FEATURE:1cxx_unrestricted_unions
    Feature record: CXX_FEATURE:1cxx_user_literals
    Feature record: CXX_FEATURE:1cxx_variable_templates
    Feature record: CXX_FEATURE:1cxx_variadic_macros
    Feature record: CXX_FEATURE:1cxx_variadic_templates


Detecting CXX [-std=c++17] compiler features compiled with the following output:
Change Dir: /__w/OpenTTD-modded/OpenTTD-modded/em_build/host_tools/CMakeFiles/CMakeTmp

Run Build Command:"/usr/bin/make" "cmTC_04446/fast"
/usr/bin/make -f CMakeFiles/cmTC_04446.dir/build.make CMakeFiles/cmTC_04446.dir/build
make[1]: Entering directory '/__w/OpenTTD-modded/OpenTTD-modded/em_build/host_tools/CMakeFiles/CMakeTmp'
Building CXX object CMakeFiles/cmTC_04446.dir/feature_tests.cxx.o
/usr/bin/c++    -std=c++17 -o CMakeFiles/cmTC_04446.dir/feature_tests.cxx.o -c /__w/OpenTTD-modded/OpenTTD-modded/em_build/host_tools/CMakeFiles/feature_tests.cxx
Linking CXX executable cmTC_04446
/usr/bin/cmake -E cmake_link_script CMakeFiles/cmTC_04446.dir/link.txt --verbose=1
/usr/bin/c++       CMakeFiles/cmTC_04446.dir/feature_tests.cxx.o  -o cmTC_04446 
make[1]: Leaving directory '/__w/OpenTTD-modded/OpenTTD-modded/em_build/host_tools/CMakeFiles/CMakeTmp'


    Feature record: CXX_FEATURE:1cxx_aggregate_default_initializers
    Feature record: CXX_FEATURE:1cxx_alias_templates
    Feature record: CXX_FEATURE:1cxx_alignas
    Feature record: CXX_FEATURE:1cxx_alignof
    Feature record: CXX_FEATURE:1cxx_attributes
    Feature record: CXX_FEATURE:1cxx_attribute_deprecated
    Feature record: CXX_FEATURE:1cxx_auto_type
    Feature record: CXX_FEATURE:1cxx_binary_literals
    Feature record: CXX_FEATURE:1cxx_constexpr
    Feature record: CXX_FEATURE:1cxx_contextual_conversions
    Feature record: CXX_FEATURE:1cxx_decltype
    Feature record: CXX_FEATURE:1cxx_decltype_auto
    Feature record: CXX_FEATURE:1cxx_decltype_incomplete_return_types
    Feature record: CXX_FEATURE:1cxx_default_function_template_args
    Feature record: CXX_FEATURE:1cxx_defaulted_functions
    Feature record: CXX_FEATURE:1cxx_defaulted_move_initializers
    Feature record: CXX_FEATURE:1cxx_delegating_constructors
    Feature record: CXX_FEATURE:1cxx_deleted_functions
    Feature record: CXX_FEATURE:1cxx_digit_separators
    Feature record: CXX_FEATURE:1cxx_enum_forward_declarations
    Feature record: CXX_FEATURE:1cxx_explicit_conversions
    Feature record: CXX_FEATURE:1cxx_extended_friend_declarations
    Feature record: CXX_FEATURE:1cxx_extern_templates
    Feature record: CXX_FEATURE:1cxx_final
    Feature record: CXX_FEATURE:1cxx_func_identifier
    Feature record: CXX_FEATURE:1cxx_generalized_initializers
    Feature record: CXX_FEATURE:1cxx_generic_lambdas
    Feature record: CXX_FEATURE:1cxx_inheriting_constructors
    Feature record: CXX_FEATURE:1cxx_inline_namespaces
    Feature record: CXX_FEATURE:1cxx_lambdas
    Feature record: CXX_FEATURE:1cxx_lambda_init_captures
    Feature record: CXX_FEATURE:1cxx_local_type_template_args
    Feature record: CXX_FEATURE:1cxx_long_long_type
    Feature record: CXX_FEATURE:1cxx_noexcept
    Feature record: CXX_FEATURE:1cxx_nonstatic_member_init
    Feature record: CXX_FEATURE:1cxx_nullptr
    Feature record: CXX_FEATURE:1cxx_override
    Feature record: CXX_FEATURE:1cxx_range_for
    Feature record: CXX_FEATURE:1cxx_raw_string_literals
    Feature record: CXX_FEATURE:1cxx_reference_qualified_functions
    Feature record: CXX_FEATURE:1cxx_relaxed_constexpr
    Feature record: CXX_FEATURE:1cxx_return_type_deduction
    Feature record: CXX_FEATURE:1cxx_right_angle_brackets
    Feature record: CXX_FEATURE:1cxx_rvalue_references
    Feature record: CXX_FEATURE:1cxx_sizeof_member
    Feature record: CXX_FEATURE:1cxx_static_assert
    Feature record: CXX_FEATURE:1cxx_strong_enums
    Feature record: CXX_FEATURE:1cxx_template_template_parameters
    Feature record: CXX_FEATURE:1cxx_thread_local
    Feature record: CXX_FEATURE:1cxx_trailing_return_types
    Feature record: CXX_FEATURE:1cxx_unicode_literals
    Feature record: CXX_FEATURE:1cxx_uniform_initialization
    Feature record: CXX_FEATURE:1cxx_unrestricted_unions
    Feature record: CXX_FEATURE:1cxx_user_literals
    Feature record: CXX_FEATURE:1cxx_variable_templates
    Feature record: CXX_FEATURE:1cxx_variadic_macros
    Feature record: CXX_FEATURE:1cxx_variadic_templates


Detecting CXX [-std=c++14] compiler features compiled with the following output:
Change Dir: /__w/OpenTTD-modded/OpenTTD-modded/em_build/host_tools/CMakeFiles/CMakeTmp

Run Build Command:"/usr/bin/make" "cmTC_15d24/fast"
/usr/bin/make -f CMakeFiles/cmTC_15d24.dir/build.make CMakeFiles/cmTC_15d24.dir/build
make[1]: Entering directory '/__w/OpenTTD-modded/OpenTTD-modded/em_build/host_tools/CMakeFiles/CMakeTmp'
Building CXX object CMakeFiles/cmTC_15d24.dir/feature_tests.cxx.o
/usr/bin/c++    -std=c++14 -o CMakeFiles/cmTC_15d24.dir/feature_tests.cxx.o -c /__w/OpenTTD-modded/OpenTTD-modded/em_build/host_tools/CMakeFiles/feature_tests.cxx
Linking CXX executable cmTC_15d24
/usr/bin/cmake -E cmake_link_script CMakeFiles/cmTC_15d24.dir/link.txt --verbose=1
/usr/bin/c++       CMakeFiles/cmTC_15d24.dir/feature_tests.cxx.o  -o cmTC_15d24 
make[1]: Leaving directory '/__w/OpenTTD-modded/OpenTTD-modded/em_build/host_tools/CMakeFiles/CMakeTmp'


    Feature record: CXX_FEATURE:1cxx_aggregate_default_initializers
    Feature record: CXX_FEATURE:1cxx_alias_templates
    Feature record: CXX_FEATURE:1cxx_alignas
    Feature record: CXX_FEATURE:1cxx_alignof
    Feature record: CXX_FEATURE:1cxx_attributes
    Feature record: CXX_FEATURE:1cxx_attribute_deprecated
    Feature record: CXX_FEATURE:1cxx_auto_type
    Feature record: CXX_FEATURE:1cxx_binary_literals
    Feature record: CXX_FEATURE:1cxx_constexpr
    Feature record: CXX_FEATURE:1cxx_contextual_conversions
    Feature record: CXX_FEATURE:1cxx_decltype
    Feature record: CXX_FEATURE:1cxx_decltype_auto
    Feature record: CXX_FEATURE:1cxx_decltype_incomplete_return_types
    Feature record: CXX_FEATURE:1cxx_default_function_template_args
    Feature record: CXX_FEATURE:1cxx_defaulted_functions
    Feature record: CXX_FEATURE:1cxx_defaulted_move_initializers
    Feature record: CXX_FEATURE:1cxx_delegating_constructors
    Feature record: CXX_FEATURE:1cxx_deleted_functions
    Feature record: CXX_FEATURE:1cxx_digit_separators
    Feature record: CXX_FEATURE:1cxx_enum_forward_declarations
    Feature record: CXX_FEATURE:1cxx_explicit_conversions
    Feature record: CXX_FEATURE:1cxx_extended_friend_declarations
    Feature record: CXX_FEATURE:1cxx_extern_templates
    Feature record: CXX_FEATURE:1cxx_final
    Feature record: CXX_FEATURE:1cxx_func_identifier
    Feature record: CXX_FEATURE:1cxx_generalized_initializers
    Feature record: CXX_FEATURE:1cxx_generic_lambdas
    Feature record: CXX_FEATURE:1cxx_inheriting_constructors
    Feature record: CXX_FEATURE:1cxx_inline_namespaces
    Feature record: CXX_FEATURE:1cxx_lambdas
    Feature record: CXX_FEATURE:1cxx_lambda_init_captures
    Feature record: CXX_FEATURE:1cxx_local_type_template_args
    Feature record: CXX_FEATURE:1cxx_long_long_type
    Feature record: CXX_FEATURE:1cxx_noexcept
    Feature record: CXX_FEATURE:1cxx_nonstatic_member_init
    Feature record: CXX_FEATURE:1cxx_nullptr
    Feature record: CXX_FEATURE:1cxx_override
    Feature record: CXX_FEATURE:1cxx_range_for
    Feature record: CXX_FEATURE:1cxx_raw_string_literals
    Feature record: CXX_FEATURE:1cxx_reference_qualified_functions
    Feature record: CXX_FEATURE:1cxx_relaxed_constexpr
    Feature record: CXX_FEATURE:1cxx_return_type_deduction
    Feature record: CXX_FEATURE:1cxx_right_angle_brackets
    Feature record: CXX_FEATURE:1cxx_rvalue_references
    Feature record: CXX_FEATURE:1cxx_sizeof_member
    Feature record: CXX_FEATURE:1cxx_static_assert
    Feature record: CXX_FEATURE:1cxx_strong_enums
    Feature record: CXX_FEATURE:1cxx_template_template_parameters
    Feature record: CXX_FEATURE:1cxx_thread_local
    Feature record: CXX_FEATURE:1cxx_trailing_return_types
    Feature record: CXX_FEATURE:1cxx_unicode_literals
    Feature record: CXX_FEATURE:1cxx_uniform_initialization
    Feature record: CXX_FEATURE:1cxx_unrestricted_unions
    Feature record: CXX_FEATURE:1cxx_user_literals
    Feature record: CXX_FEATURE:1cxx_variable_templates
    Feature record: CXX_FEATURE:1cxx_variadic_macros
    Feature record: CXX_FEATURE:1cxx_variadic_templates


Detecting CXX [-std=c++11] compiler features compiled with the following output:
Change Dir: /__w/OpenTTD-modded/OpenTTD-modded/em_build/host_tools/CMakeFiles/CMakeTmp

Run Build Command:"/usr/bin/make" "cmTC_0db4e/fast"
/usr/bin/make -f CMakeFiles/cmTC_0db4e.dir/build.make CMakeFiles/cmTC_0db4e.dir/build
make[1]: Entering directory '/__w/OpenTTD-modded/OpenTTD-modded/em_build/host_tools/CMakeFiles/CMakeTmp'
Building CXX object CMakeFiles/cmTC_0db4e.dir/feature_tests.cxx.o
/usr/bin/c++    -std=c++11 -o CMakeFiles/cmTC_0db4e.dir/feature_tests.cxx.o -c /__w/OpenTTD-modded/OpenTTD-modded/em_build/host_tools/CMakeFiles/feature_tests.cxx
Linking CXX executable cmTC_0db4e
/usr/bin/cmake -E cmake_link_script CMakeFiles/cmTC_0db4e.dir/link.txt --verbose=1
/usr/bin/c++       CMakeFiles/cmTC_0db4e.dir/feature_tests.cxx.o  -o cmTC_0db4e 
make[1]: Leaving directory '/__w/OpenTTD-modded/OpenTTD-modded/em_build/host_tools/CMakeFiles/CMakeTmp'


    Feature record: CXX_FEATURE:0cxx_aggregate_default_initializers
    Feature record: CXX_FEATURE:1cxx_alias_templates
    Feature record: CXX_FEATURE:1cxx_alignas
    Feature record: CXX_FEATURE:1cxx_alignof
    Feature record: CXX_FEATURE:1cxx_attributes
    Feature record: CXX_FEATURE:0cxx_attribute_deprecated
    Feature record: CXX_FEATURE:1cxx_auto_type
    Feature record: CXX_FEATURE:0cxx_binary_literals
    Feature record: CXX_FEATURE:1cxx_constexpr
    Feature record: CXX_FEATURE:0cxx_contextual_conversions
    Feature record: CXX_FEATURE:1cxx_decltype
    Feature record: CXX_FEATURE:0cxx_decltype_auto
    Feature record: CXX_FEATURE:1cxx_decltype_incomplete_return_types
    Feature record: CXX_FEATURE:1cxx_default_function_template_args
    Feature record: CXX_FEATURE:1cxx_defaulted_functions
    Feature record: CXX_FEATURE:1cxx_defaulted_move_initializers
    Feature record: CXX_FEATURE:1cxx_delegating_constructors
    Feature record: CXX_FEATURE:1cxx_deleted_functions
    Feature record: CXX_FEATURE:0cxx_digit_separators
    Feature record: CXX_FEATURE:1cxx_enum_forward_declarations
    Feature record: CXX_FEATURE:1cxx_explicit_conversions
    Feature record: CXX_FEATURE:1cxx_extended_friend_declarations
    Feature record: CXX_FEATURE:1cxx_extern_templates
    Feature record: CXX_FEATURE:1cxx_final
    Feature record: CXX_FEATURE:1cxx_func_identifier
    Feature record: CXX_FEATURE:1cxx_generalized_initializers
    Feature record: CXX_FEATURE:0cxx_generic_lambdas
    Feature record: CXX_FEATURE:1cxx_inheriting_constructors
    Feature record: CXX_FEATURE:1cxx_inline_namespaces
    Feature record: CXX_FEATURE:1cxx_lambdas
    Feature record: CXX_FEATURE:0cxx_lambda_init_captures
    Feature record: CXX_FEATURE:1cxx_local_type_template_args
    Feature record: CXX_FEATURE:1cxx_long_long_type
    Feature record: CXX_FEATURE:1cxx_noexcept
    Feature record: CXX_FEATURE:1cxx_nonstatic_member_init
    Feature record: CXX_FEATURE:1cxx_nullptr
    Feature record: CXX_FEATURE:1cxx_override
    Feature record: CXX_FEATURE:1cxx_range_for
    Feature record: CXX_FEATURE:1cxx_raw_string_literals
    Feature record: CXX_FEATURE:1cxx_reference_qualified_functions
    Feature record: CXX_FEATURE:0cxx_relaxed_constexpr
    Feature record: CXX_FEATURE:0cxx_return_type_deduction
    Feature record: CXX_FEATURE:1cxx_right_angle_brackets
    Feature record: CXX_FEATURE:1cxx_rvalue_references
    Feature record: CXX_FEATURE:1cxx_sizeof_member
    Feature record: CXX_FEATURE:1cxx_static_assert
    Feature record: CXX_FEATURE:1cxx_strong_enums
    Feature record: CXX_FEATURE:1cxx_template_template_parameters
    Feature record: CXX_FEATURE:1cxx_thread_local
    Feature record: CXX_FEATURE:1cxx_trailing_return_types
    Feature record: CXX_FEATURE:1cxx_unicode_literals
    Feature record: CXX_FEATURE:1cxx_uniform_initialization
    Feature record: CXX_FEATURE:1cxx_unrestricted_unions
    Feature record: CXX_FEATURE:1cxx_user_literals
    Feature record: CXX_FEATURE:0cxx_variable_templates
    Feature record: CXX_FEATURE:1cxx_variadic_macros
    Feature record: CXX_FEATURE:1cxx_variadic_templates


Detecting CXX [-std=c++98] compiler features compiled with the following output:
Change Dir: /__w/OpenTTD-modded/OpenTTD-modded/em_build/host_tools/CMakeFiles/CMakeTmp

Run Build Command:"/usr/bin/make" "cmTC_5aa5f/fast"
/usr/bin/make -f CMakeFiles/cmTC_5aa5f.dir/build.make CMakeFiles/cmTC_5aa5f.dir/build
make[1]: Entering directory '/__w/OpenTTD-modded/OpenTTD-modded/em_build/host_tools/CMakeFiles/CMakeTmp'
Building CXX object CMakeFiles/cmTC_5aa5f.dir/feature_tests.cxx.o
/usr/bin/c++    -std=c++98 -o CMakeFiles/cmTC_5aa5f.dir/feature_tests.cxx.o -c /__w/OpenTTD-modded/OpenTTD-modded/em_build/host_tools/CMakeFiles/feature_tests.cxx
Linking CXX executable cmTC_5aa5f
/usr/bin/cmake -E cmake_link_script CMakeFiles/cmTC_5aa5f.dir/link.txt --verbose=1
/usr/bin/c++       CMakeFiles/cmTC_5aa5f.dir/feature_tests.cxx.o  -o cmTC_5aa5f 
make[1]: Leaving directory '/__w/OpenTTD-modded/OpenTTD-modded/em_build/host_tools/CMakeFiles/CMakeTmp'


    Feature record: CXX_FEATURE:0cxx_aggregate_default_initializers
    Feature record: CXX_FEATURE:0cxx_alias_templates
    Feature record: CXX_FEATURE:0cxx_alignas
    Feature record: CXX_FEATURE:0cxx_alignof
    Feature record: CXX_FEATURE:0cxx_attributes
    Feature record: CXX_FEATURE:0cxx_attribute_deprecated
    Feature record: CXX_FEATURE:0cxx_auto_type
    Feature record: CXX_FEATURE:0cxx_binary_literals
    Feature record: CXX_FEATURE:0cxx_constexpr
    Feature record: CXX_FEATURE:0cxx_contextual_conversions
    Feature record: CXX_FEATURE:0cxx_decltype
    Feature record: CXX_FEATURE:0cxx_decltype_auto
    Feature record: CXX_FEATURE:0cxx_decltype_incomplete_return_types
    Feature record: CXX_FEATURE:0cxx_default_function_template_args
    Feature record: CXX_FEATURE:0cxx_defaulted_functions
    Feature record: CXX_FEATURE:0cxx_defaulted_move_initializers
    Feature record: CXX_FEATURE:0cxx_delegating_constructors
    Feature record: CXX_FEATURE:0cxx_deleted_functions
    Feature record: CXX_FEATURE:0cxx_digit_separators
    Feature record: CXX_FEATURE:0cxx_enum_forward_declarations
    Feature record: CXX_FEATURE:0cxx_explicit_conversions
    Feature record: CXX_FEATURE:0cxx_extended_friend_declarations
    Feature record: CXX_FEATURE:0cxx_extern_templates
    Feature record: CXX_FEATURE:0cxx_final
    Feature record: CXX_FEATURE:0cxx_func_identifier
    Feature record: CXX_FEATURE:0cxx_generalized_initializers
    Feature record: CXX_FEATURE:0cxx_generic_lambdas
    Feature record: CXX_FEATURE:0cxx_inheriting_constructors
    Feature record: CXX_FEATURE:0cxx_inline_namespaces
    Feature record: CXX_FEATURE:0cxx_lambdas
    Feature record: CXX_FEATURE:0cxx_lambda_init_captures
    Feature record: CXX_FEATURE:0cxx_local_type_template_args
    Feature record: CXX_FEATURE:0cxx_long_long_type
    Feature record: CXX_FEATURE:0cxx_noexcept
    Feature record: CXX_FEATURE:0cxx_nonstatic_member_init
    Feature record: CXX_FEATURE:0cxx_nullptr
    Feature record: CXX_FEATURE:0cxx_override
    Feature record: CXX_FEATURE:0cxx_range_for
    Feature record: CXX_FEATURE:0cxx_raw_string_literals
    Feature record: CXX_FEATURE:0cxx_reference_qualified_functions
    Feature record: CXX_FEATURE:0cxx_relaxed_constexpr
    Feature record: CXX_FEATURE:0cxx_return_type_deduction
    Feature record: CXX_FEATURE:0cxx_right_angle_brackets
    Feature record: CXX_FEATURE:0cxx_rvalue_references
    Feature record: CXX_FEATURE:0cxx_sizeof_member
    Feature record: CXX_FEATURE:0cxx_static_assert
    Feature record: CXX_FEATURE:0cxx_strong_enums
    Feature record: CXX_FEATURE:1cxx_template_template_parameters
    Feature record: CXX_FEATURE:0cxx_thread_local
    Feature record: CXX_FEATURE:0cxx_trailing_return_types
    Feature record: CXX_FEATURE:0cxx_unicode_literals
    Feature record: CXX_FEATURE:0cxx_uniform_initialization
    Feature record: CXX_FEATURE:0cxx_unrestricted_unions
    Feature record: CXX_FEATURE:0cxx_user_literals
    Feature record: CXX_FEATURE:0cxx_variable_templates
    Feature record: CXX_FEATURE:0cxx_variadic_macros
    Feature record: CXX_FEATURE:0cxx_variadic_templates
Determining if the include file sys/types.h exists passed with the following output:
Change Dir: /__w/OpenTTD-modded/OpenTTD-modded/em_build/host_tools/CMakeFiles/CMakeTmp

Run Build Command:"/usr/bin/make" "cmTC_3962e/fast"
/usr/bin/make -f CMakeFiles/cmTC_3962e.dir/build.make CMakeFiles/cmTC_3962e.dir/build
make[1]: Entering directory '/__w/OpenTTD-modded/OpenTTD-modded/em_build/host_tools/CMakeFiles/CMakeTmp'
Building C object CMakeFiles/cmTC_3962e.dir/CheckIncludeFile.c.o
/usr/bin/cc    -o CMakeFiles/cmTC_3962e.dir/CheckIncludeFile.c.o   -c /__w/OpenTTD-modded/OpenTTD-modded/em_build/host_tools/CMakeFiles/CMakeTmp/CheckIncludeFile.c
Linking C executable cmTC_3962e
/usr/bin/cmake -E cmake_link_script CMakeFiles/cmTC_3962e.dir/link.txt --verbose=1
/usr/bin/cc      CMakeFiles/cmTC_3962e.dir/CheckIncludeFile.c.o  -o cmTC_3962e 
make[1]: Leaving directory '/__w/OpenTTD-modded/OpenTTD-modded/em_build/host_tools/CMakeFiles/CMakeTmp'


Determining if the include file stdint.h exists passed with the following output:
Change Dir: /__w/OpenTTD-modded/OpenTTD-modded/em_build/host_tools/CMakeFiles/CMakeTmp

Run Build Command:"/usr/bin/make" "cmTC_61ce3/fast"
/usr/bin/make -f CMakeFiles/cmTC_61ce3.dir/build.make CMakeFiles/cmTC_61ce3.dir/build
make[1]: Entering directory '/__w/OpenTTD-modded/OpenTTD-modded/em_build/host_tools/CMakeFiles/CMakeTmp'
Building C object CMakeFiles/cmTC_61ce3.dir/CheckIncludeFile.c.o
/usr/bin/cc    -o CMakeFiles/cmTC_61ce3.dir/CheckIncludeFile.c.o   -c /__w/OpenTTD-modded/OpenTTD-modded/em_build/host_tools/CMakeFiles/CMakeTmp/CheckIncludeFile.c
Linking C executable cmTC_61ce3
/usr/bin/cmake -E cmake_link_script CMakeFiles/cmTC_61ce3.dir/link.txt --verbose=1
/usr/bin/cc      CMakeFiles/cmTC_61ce3.dir/CheckIncludeFile.c.o  -o cmTC_61ce3 
make[1]: Leaving directory '/__w/OpenTTD-modded/OpenTTD-modded/em_build/host_tools/CMakeFiles/CMakeTmp'


Determining if the include file stddef.h exists passed with the following output:
Change Dir: /__w/OpenTTD-modded/OpenTTD-modded/em_build/host_tools/CMakeFiles/CMakeTmp

Run Build Command:"/usr/bin/make" "cmTC_861fc/fast"
/usr/bin/make -f CMakeFiles/cmTC_861fc.dir/build.make CMakeFiles/cmTC_861fc.dir/build
make[1]: Entering directory '/__w/OpenTTD-modded/OpenTTD-modded/em_build/host_tools/CMakeFiles/CMakeTmp'
Building C object CMakeFiles/cmTC_861fc.dir/CheckIncludeFile.c.o
/usr/bin/cc    -o CMakeFiles/cmTC_861fc.dir/CheckIncludeFile.c.o   -c /__w/OpenTTD-modded/OpenTTD-modded/em_build/host_tools/CMakeFiles/CMakeTmp/CheckIncludeFile.c
Linking C executable cmTC_861fc
/usr/bin/cmake -E cmake_link_script CMakeFiles/cmTC_861fc.dir/link.txt --verbose=1
/usr/bin/cc      CMakeFiles/cmTC_861fc.dir/CheckIncludeFile.c.o  -o cmTC_861fc 
make[1]: Leaving directory '/__w/OpenTTD-modded/OpenTTD-modded/em_build/host_tools/CMakeFiles/CMakeTmp'


Determining size of unsigned short passed with the following output:
Change Dir: /__w/OpenTTD-modded/OpenTTD-modded/em_build/host_tools/CMakeFiles/CMakeTmp

Run Build Command:"/usr/bin/make" "cmTC_d4238/fast"
/usr/bin/make -f CMakeFiles/cmTC_d4238.dir/build.make CMakeFiles/cmTC_d4238.dir/build
make[1]: Entering directory '/__w/OpenTTD-modded/OpenTTD-modded/em_build/host_tools/CMakeFiles/CMakeTmp'
Building C object CMakeFiles/cmTC_d4238.dir/CMAKE_SIZEOF_UNSIGNED_SHORT.c.o
/usr/bin/cc    -o CMakeFiles/cmTC_d4238.dir/CMAKE_SIZEOF_UNSIGNED_SHORT.c.o   -c /__w/OpenTTD-modded/OpenTTD-modded/em_build/host_tools/CMakeFiles/CheckTypeSize/CMAKE_SIZEOF_UNSIGNED_SHORT.c
Linking C executable cmTC_d4238
/usr/bin/cmake -E cmake_link_script CMakeFiles/cmTC_d4238.dir/link.txt --verbose=1
/usr/bin/cc      CMakeFiles/cmTC_d4238.dir/CMAKE_SIZEOF_UNSIGNED_SHORT.c.o  -o cmTC_d4238 
make[1]: Leaving directory '/__w/OpenTTD-modded/OpenTTD-modded/em_build/host_tools/CMakeFiles/CMakeTmp'


Determining if the system is big endian passed with the following output:
Change Dir: /__w/OpenTTD-modded/OpenTTD-modded/em_build/host_tools/CMakeFiles/CMakeTmp

Run Build Command:"/usr/bin/make" "cmTC_4b559/fast"
/usr/bin/make -f CMakeFiles/cmTC_4b559.dir/build.make CMakeFiles/cmTC_4b559.dir/build
make[1]: Entering directory '/__w/OpenTTD-modded/OpenTTD-modded/em_build/host_tools/CMakeFiles/CMakeTmp'
Building C object CMakeFiles/cmTC_4b559.dir/TestEndianess.c.o
/usr/bin/cc    -o CMakeFiles/cmTC_4b559.dir/TestEndianess.c.o   -c /__w/OpenTTD-modded/OpenTTD-modded/em_build/host_tools/CMakeFiles/CMakeTmp/TestEndianess.c
Linking C executable cmTC_4b559
/usr/bin/cmake -E cmake_link_script CMakeFiles/cmTC_4b559.dir/link.txt --verbose=1
/usr/bin/cc      CMakeFiles/cmTC_4b559.dir/TestEndianess.c.o  -o cmTC_4b559 
make[1]: Leaving directory '/__w/OpenTTD-modded/OpenTTD-modded/em_build/host_tools/CMakeFiles/CMakeTmp'

TestEndianess.c:
/* A 16 bit integer is required. */
typedef unsigned short cmakeint16;

/* On a little endian machine, these 16bit ints will give "THIS IS LITTLE ENDIAN."
   On a big endian machine the characters will be exchanged pairwise. */
const cmakeint16 info_little[] =  {0x4854, 0x5349, 0x4920, 0x2053, 0x494c, 0x5454, 0x454c, 0x4520, 0x444e, 0x4149, 0x2e4e, 0x0000};

/* on a big endian machine, these 16bit ints will give "THIS IS BIG ENDIAN."
   On a little endian machine the characters will be exchanged pairwise. */
const cmakeint16 info_big[] =     {0x5448, 0x4953, 0x2049, 0x5320, 0x4249, 0x4720, 0x454e, 0x4449, 0x414e, 0x2e2e, 0x0000};

#ifdef __CLASSIC_C__
int main(argc, argv) int argc; char *argv[];
#else
int main(int argc, char *argv[])
#endif
{
  int require = 0;
  require += info_little[argc];
  require += info_big[argc];
  (void)argv;
  return require;
}


Performing C++ SOURCE FILE Test LIFETIME_DSE_FOUND succeeded with the following output:
Change Dir: /__w/OpenTTD-modded/OpenTTD-modded/em_build/host_tools/CMakeFiles/CMakeTmp

Run Build Command:"/usr/bin/make" "cmTC_364bd/fast"
/usr/bin/make -f CMakeFiles/cmTC_364bd.dir/build.make CMakeFiles/cmTC_364bd.dir/build
make[1]: Entering directory '/__w/OpenTTD-modded/OpenTTD-modded/em_build/host_tools/CMakeFiles/CMakeTmp'
Building CXX object CMakeFiles/cmTC_364bd.dir/src.cxx.o
/usr/bin/c++    -DLIFETIME_DSE_FOUND   -flifetime-dse=1 -o CMakeFiles/cmTC_364bd.dir/src.cxx.o -c /__w/OpenTTD-modded/OpenTTD-modded/em_build/host_tools/CMakeFiles/CMakeTmp/src.cxx
Linking CXX executable cmTC_364bd
/usr/bin/cmake -E cmake_link_script CMakeFiles/cmTC_364bd.dir/link.txt --verbose=1
/usr/bin/c++   -DLIFETIME_DSE_FOUND    CMakeFiles/cmTC_364bd.dir/src.cxx.o  -o cmTC_364bd 
make[1]: Leaving directory '/__w/OpenTTD-modded/OpenTTD-modded/em_build/host_tools/CMakeFiles/CMakeTmp'

Source file was:
int main() { return 0; }
Determining if the include file pthread.h exists passed with the following output:
Change Dir: /__w/OpenTTD-modded/OpenTTD-modded/em_build/host_tools/CMakeFiles/CMakeTmp

Run Build Command:"/usr/bin/make" "cmTC_fa676/fast"
/usr/bin/make -f CMakeFiles/cmTC_fa676.dir/build.make CMakeFiles/cmTC_fa676.dir/build
make[1]: Entering directory '/__w/OpenTTD-modded/OpenTTD-modded/em_build/host_tools/CMakeFiles/CMakeTmp'
Building C object CMakeFiles/cmTC_fa676.dir/CheckIncludeFile.c.o
/usr/bin/cc    -o CMakeFiles/cmTC_fa676.dir/CheckIncludeFile.c.o   -c /__w/OpenTTD-modded/OpenTTD-modded/em_build/host_tools/CMakeFiles/CMakeTmp/CheckIncludeFile.c
Linking C executable cmTC_fa676
/usr/bin/cmake -E cmake_link_script CMakeFiles/cmTC_fa676.dir/link.txt --verbose=1
/usr/bin/cc     -rdynamic  CMakeFiles/cmTC_fa676.dir/CheckIncludeFile.c.o  -o cmTC_fa676 
make[1]: Leaving directory '/__w/OpenTTD-modded/OpenTTD-modded/em_build/host_tools/CMakeFiles/CMakeTmp'


Determining if the function pthread_create exists in the pthread passed with the following output:
Change Dir: /__w/OpenTTD-modded/OpenTTD-modded/em_build/host_tools/CMakeFiles/CMakeTmp

Run Build Command:"/usr/bin/make" "cmTC_50c1a/fast"
/usr/bin/make -f CMakeFiles/cmTC_50c1a.dir/build.make CMakeFiles/cmTC_50c1a.dir/build
make[1]: Entering directory '/__w/OpenTTD-modded/OpenTTD-modded/em_build/host_tools/CMakeFiles/CMakeTmp'
Building C object CMakeFiles/cmTC_50c1a.dir/CheckFunctionExists.c.o
/usr/bin/cc   -DCHECK_FUNCTION_EXISTS=pthread_create   -o CMakeFiles/cmTC_50c1a.dir/CheckFunctionExists.c.o   -c /usr/share/cmake-3.13/Modules/CheckFunctionExists.c
Linking C executable cmTC_50c1a
/usr/bin/cmake -E cmake_link_script CMakeFiles/cmTC_50c1a.dir/link.txt --verbose=1
/usr/bin/cc  -DCHECK_FUNCTION_EXISTS=pthread_create   -rdynamic  CMakeFiles/cmTC_50c1a.dir/CheckFunctionExists.c.o  -o cmTC_50c1a -lpthread 
make[1]: Leaving directory '/__w/OpenTTD-modded/OpenTTD-modded/em_build/host_tools/CMakeFiles/CMakeTmp'


Determining if the function lzma_auto_decoder exists in the /usr/lib/x86_64-linux-gnu/liblzma.so passed with the following output:
Change Dir: /__w/OpenTTD-modded/OpenTTD-modded/em_build/host_tools/CMakeFiles/CMakeTmp

Run Build Command:"/usr/bin/make" "cmTC_bb6a7/fast"
/usr/bin/make -f CMakeFiles/cmTC_bb6a7.dir/build.make CMakeFiles/cmTC_bb6a7.dir/build
make[1]: Entering directory '/__w/OpenTTD-modded/OpenTTD-modded/em_build/host_tools/CMakeFiles/CMakeTmp'
Building C object CMakeFiles/cmTC_bb6a7.dir/CheckFunctionExists.c.o
/usr/bin/cc   -DCHECK_FUNCTION_EXISTS=lzma_auto_decoder   -o CMakeFiles/cmTC_bb6a7.dir/CheckFunctionExists.c.o   -c /usr/share/cmake-3.13/Modules/CheckFunctionExists.c
Linking C executable cmTC_bb6a7
/usr/bin/cmake -E cmake_link_script CMakeFiles/cmTC_bb6a7.dir/link.txt --verbose=1
/usr/bin/cc  -DCHECK_FUNCTION_EXISTS=lzma_auto_decoder   -rdynamic  CMakeFiles/cmTC_bb6a7.dir/CheckFunctionExists.c.o  -o cmTC_bb6a7 /usr/lib/x86_64-linux-gnu/liblzma.so 
make[1]: Leaving directory '/__w/OpenTTD-modded/OpenTTD-modded/em_build/host_tools/CMakeFiles/CMakeTmp'


Determining if the function lzma_easy_encoder exists in the /usr/lib/x86_64-linux-gnu/liblzma.so passed with the following output:
Change Dir: /__w/OpenTTD-modded/OpenTTD-modded/em_build/host_tools/CMakeFiles/CMakeTmp

Run Build Command:"/usr/bin/make" "cmTC_e141b/fast"
/usr/bin/make -f CMakeFiles/cmTC_e141b.dir/build.make CMakeFiles/cmTC_e141b.dir/build
make[1]: Entering directory '/__w/OpenTTD-modded/OpenTTD-modded/em_build/host_tools/CMakeFiles/CMakeTmp'
Building C object CMakeFiles/cmTC_e141b.dir/CheckFunctionExists.c.o
/usr/bin/cc   -DCHECK_FUNCTION_EXISTS=lzma_easy_encoder   -o CMakeFiles/cmTC_e141b.dir/CheckFunctionExists.c.o   -c /usr/share/cmake-3.13/Modules/CheckFunctionExists.c
Linking C executable cmTC_e141b
/usr/bin/cmake -E cmake_link_script CMakeFiles/cmTC_e141b.dir/link.txt --verbose=1
/usr/bin/cc  -DCHECK_FUNCTION_EXISTS=lzma_easy_encoder   -rdynamic  CMakeFiles/cmTC_e141b.dir/CheckFunctionExists.c.o  -o cmTC_e141b /usr/lib/x86_64-linux-gnu/liblzma.so 
make[1]: Leaving directory '/__w/OpenTTD-modded/OpenTTD-modded/em_build/host_tools/CMakeFiles/CMakeTmp'


Determining if the function lzma_lzma_preset exists in the /usr/lib/x86_64-linux-gnu/liblzma.so passed with the following output:
Change Dir: /__w/OpenTTD-modded/OpenTTD-modded/em_build/host_tools/CMakeFiles/CMakeTmp

Run Build Command:"/usr/bin/make" "cmTC_de893/fast"
/usr/bin/make -f CMakeFiles/cmTC_de893.dir/build.make CMakeFiles/cmTC_de893.dir/build
make[1]: Entering directory '/__w/OpenTTD-modded/OpenTTD-modded/em_build/host_tools/CMakeFiles/CMakeTmp'
Building C object CMakeFiles/cmTC_de893.dir/CheckFunctionExists.c.o
/usr/bin/cc   -DCHECK_FUNCTION_EXISTS=lzma_lzma_preset   -o CMakeFiles/cmTC_de893.dir/CheckFunctionExists.c.o   -c /usr/share/cmake-3.13/Modules/CheckFunctionExists.c
Linking C executable cmTC_de893
/usr/bin/cmake -E cmake_link_script CMakeFiles/cmTC_de893.dir/link.txt --verbose=1
/usr/bin/cc  -DCHECK_FUNCTION_EXISTS=lzma_lzma_preset   -rdynamic  CMakeFiles/cmTC_de893.dir/CheckFunctionExists.c.o  -o cmTC_de893 /usr/lib/x86_64-linux-gnu/liblzma.so 
make[1]: Leaving directory '/__w/OpenTTD-modded/OpenTTD-modded/em_build/host_tools/CMakeFiles/CMakeTmp'


Performing C++ SOURCE FILE Test BITMATH_BUILTINS_FOUND succeeded with the following output:
Change Dir: /__w/OpenTTD-modded/OpenTTD-modded/em_build/host_tools/CMakeFiles/CMakeTmp

Run Build Command:"/usr/bin/make" "cmTC_0fd5f/fast"
/usr/bin/make -f CMakeFiles/cmTC_0fd5f.dir/build.make CMakeFiles/cmTC_0fd5f.dir/build
make[1]: Entering directory '/__w/OpenTTD-modded/OpenTTD-modded/em_build/host_tools/CMakeFiles/CMakeTmp'
Building CXX object CMakeFiles/cmTC_0fd5f.dir/src.cxx.o
/usr/bin/c++    -DBITMATH_BUILTINS_FOUND   -o CMakeFiles/cmTC_0fd5f.dir/src.cxx.o -c /__w/OpenTTD-modded/OpenTTD-modded/em_build/host_tools/CMakeFiles/CMakeTmp/src.cxx
Linking CXX executable cmTC_0fd5f
/usr/bin/cmake -E cmake_link_script CMakeFiles/cmTC_0fd5f.dir/link.txt --verbose=1
/usr/bin/c++   -DBITMATH_BUILTINS_FOUND   -rdynamic  CMakeFiles/cmTC_0fd5f.dir/src.cxx.o  -o cmTC_0fd5f 
make[1]: Leaving directory '/__w/OpenTTD-modded/OpenTTD-modded/em_build/host_tools/CMakeFiles/CMakeTmp'

Source file was:

    int main() {
        return __builtin_popcountll(__builtin_popcountl(__builtin_popcount(__builtin_ctz(1))));
    }
Performing C++ SOURCE FILE Test OVERFLOW_BUILTINS_FOUND succeeded with the following output:
Change Dir: /__w/OpenTTD-modded/OpenTTD-modded/em_build/host_tools/CMakeFiles/CMakeTmp

Run Build Command:"/usr/bin/make" "cmTC_594c6/fast"
/usr/bin/make -f CMakeFiles/cmTC_594c6.dir/build.make CMakeFiles/cmTC_594c6.dir/build
make[1]: Entering directory '/__w/OpenTTD-modded/OpenTTD-modded/em_build/host_tools/CMakeFiles/CMakeTmp'
Building CXX object CMakeFiles/cmTC_594c6.dir/src.cxx.o
/usr/bin/c++    -DOVERFLOW_BUILTINS_FOUND   -o CMakeFiles/cmTC_594c6.dir/src.cxx.o -c /__w/OpenTTD-modded/OpenTTD-modded/em_build/host_tools/CMakeFiles/CMakeTmp/src.cxx
Linking CXX executable cmTC_594c6
/usr/bin/cmake -E cmake_link_script CMakeFiles/cmTC_594c6.dir/link.txt --verbose=1
/usr/bin/c++   -DOVERFLOW_BUILTINS_FOUND   -rdynamic  CMakeFiles/cmTC_594c6.dir/src.cxx.o  -o cmTC_594c6 
make[1]: Leaving directory '/__w/OpenTTD-modded/OpenTTD-modded/em_build/host_tools/CMakeFiles/CMakeTmp'

Source file was:

#include <cstdint>
int main() {
    int64_t a = 0;
    int64_t b = 0;
    int64_t c = 0;
    bool res1 = __builtin_add_overflow(a, b, &c);
    bool res2 = __builtin_sub_overflow(a, b, &c);
    bool res3 = __builtin_mul_overflow(a, b, &c);
    return (res1 || res2 || res3) ? 1 : 0;
}
Performing C++ SOURCE FILE Test DL_FOUND succeeded with the following output:
Change Dir: /__w/OpenTTD-modded/OpenTTD-modded/em_build/host_tools/CMakeFiles/CMakeTmp

Run Build Command:"/usr/bin/make" "cmTC_85008/fast"
/usr/bin/make -f CMakeFiles/cmTC_85008.dir/build.make CMakeFiles/cmTC_85008.dir/build
make[1]: Entering directory '/__w/OpenTTD-modded/OpenTTD-modded/em_build/host_tools/CMakeFiles/CMakeTmp'
Building CXX object CMakeFiles/cmTC_85008.dir/src.cxx.o
/usr/bin/c++    -DDL_FOUND   -o CMakeFiles/cmTC_85008.dir/src.cxx.o -c /__w/OpenTTD-modded/OpenTTD-modded/em_build/host_tools/CMakeFiles/CMakeTmp/src.cxx
Linking CXX executable cmTC_85008
/usr/bin/cmake -E cmake_link_script CMakeFiles/cmTC_85008.dir/link.txt --verbose=1
/usr/bin/c++   -DDL_FOUND   -rdynamic  CMakeFiles/cmTC_85008.dir/src.cxx.o  -o cmTC_85008 -ldl 
make[1]: Leaving directory '/__w/OpenTTD-modded/OpenTTD-modded/em_build/host_tools/CMakeFiles/CMakeTmp'

Source file was:

    #include <dlfcn.h>
    int main() {
        Dl_info info;
        return dladdr(0, &info);
    }
Performing C++ SOURCE FILE Test DEMANGLE_FOUND succeeded with the following output:
Change Dir: /__w/OpenTTD-modded/OpenTTD-modded/em_build/host_tools/CMakeFiles/CMakeTmp

Run Build Command:"/usr/bin/make" "cmTC_f28d2/fast"
/usr/bin/make -f CMakeFiles/cmTC_f28d2.dir/build.make CMakeFiles/cmTC_f28d2.dir/build
make[1]: Entering directory '/__w/OpenTTD-modded/OpenTTD-modded/em_build/host_tools/CMakeFiles/CMakeTmp'
Building CXX object CMakeFiles/cmTC_f28d2.dir/src.cxx.o
/usr/bin/c++    -DDEMANGLE_FOUND   -o CMakeFiles/cmTC_f28d2.dir/src.cxx.o -c /__w/OpenTTD-modded/OpenTTD-modded/em_build/host_tools/CMakeFiles/CMakeTmp/src.cxx
Linking CXX executable cmTC_f28d2
/usr/bin/cmake -E cmake_link_script CMakeFiles/cmTC_f28d2.dir/link.txt --verbose=1
/usr/bin/c++   -DDEMANGLE_FOUND   -rdynamic  CMakeFiles/cmTC_f28d2.dir/src.cxx.o  -o cmTC_f28d2 
make[1]: Leaving directory '/__w/OpenTTD-modded/OpenTTD-modded/em_build/host_tools/CMakeFiles/CMakeTmp'

Source file was:

    #include <cxxabi.h>
    int main() {
        int status = -1;
        char *demangled = abi::__cxa_demangle("test", 0, 0, &status);
        return 0;
    }
Performing C++ SOURCE FILE Test SIGACTION_FOUND succeeded with the following output:
Change Dir: /__w/OpenTTD-modded/OpenTTD-modded/em_build/host_tools/CMakeFiles/CMakeTmp

Run Build Command:"/usr/bin/make" "cmTC_73ca9/fast"
/usr/bin/make -f CMakeFiles/cmTC_73ca9.dir/build.make CMakeFiles/cmTC_73ca9.dir/build
make[1]: Entering directory '/__w/OpenTTD-modded/OpenTTD-modded/em_build/host_tools/CMakeFiles/CMakeTmp'
Building CXX object CMakeFiles/cmTC_73ca9.dir/src.cxx.o
/usr/bin/c++    -DSIGACTION_FOUND   -o CMakeFiles/cmTC_73ca9.dir/src.cxx.o -c /__w/OpenTTD-modded/OpenTTD-modded/em_build/host_tools/CMakeFiles/CMakeTmp/src.cxx
Linking CXX executable cmTC_73ca9
/usr/bin/cmake -E cmake_link_script CMakeFiles/cmTC_73ca9.dir/link.txt --verbose=1
/usr/bin/c++   -DSIGACTION_FOUND   -rdynamic  CMakeFiles/cmTC_73ca9.dir/src.cxx.o  -o cmTC_73ca9 
make[1]: Leaving directory '/__w/OpenTTD-modded/OpenTTD-modded/em_build/host_tools/CMakeFiles/CMakeTmp'

Source file was:

    #include <signal.h>
    void *addr;
    int code;
    void handler(int sig, siginfo_t *si, void *context) {
        addr = si->si_addr;
        code = si->si_code;
    }
    int main() {
        struct sigaction sa;
        sa.sa_flags = SA_SIGINFO;
        sigemptyset(&sa.sa_mask);
        sa.sa_sigaction = handler;
        sigaction(SIGSEGV, &sa, 0);
        return 0;
    }
Performing C++ SOURCE FILE Test SIGALTSTACK succeeded with the following output:
Change Dir: /__w/OpenTTD-modded/OpenTTD-modded/em_build/host_tools/CMakeFiles/CMakeTmp

Run Build Command:"/usr/bin/make" "cmTC_43940/fast"
/usr/bin/make -f CMakeFiles/cmTC_43940.dir/build.make CMakeFiles/cmTC_43940.dir/build
make[1]: Entering directory '/__w/OpenTTD-modded/OpenTTD-modded/em_build/host_tools/CMakeFiles/CMakeTmp'
Building CXX object CMakeFiles/cmTC_43940.dir/src.cxx.o
/usr/bin/c++    -DSIGALTSTACK   -o CMakeFiles/cmTC_43940.dir/src.cxx.o -c /__w/OpenTTD-modded/OpenTTD-modded/em_build/host_tools/CMakeFiles/CMakeTmp/src.cxx
Linking CXX executable cmTC_43940
/usr/bin/cmake -E cmake_link_script CMakeFiles/cmTC_43940.dir/link.txt --verbose=1
/usr/bin/c++   -DSIGALTSTACK   -rdynamic  CMakeFiles/cmTC_43940.dir/src.cxx.o  -o cmTC_43940 
make[1]: Leaving directory '/__w/OpenTTD-modded/OpenTTD-modded/em_build/host_tools/CMakeFiles/CMakeTmp'

Source file was:

    #include <signal.h>
    #include <stdlib.h>
    int main() {
        stack_t ss;
        ss.ss_sp = calloc(SIGSTKSZ, 1);
        ss.ss_size = SIGSTKSZ;
        ss.ss_flags = 0;
        sigaltstack(&ss, nullptr);
        return 0;
    }
Performing C++ SOURCE FILE Test DBG_GDB_FOUND succeeded with the following output:
Change Dir: /__w/OpenTTD-modded/OpenTTD-modded/em_build/host_tools/CMakeFiles/CMakeTmp

Run Build Command:"/usr/bin/make" "cmTC_3298f/fast"
/usr/bin/make -f CMakeFiles/cmTC_3298f.dir/build.make CMakeFiles/cmTC_3298f.dir/build
make[1]: Entering directory '/__w/OpenTTD-modded/OpenTTD-modded/em_build/host_tools/CMakeFiles/CMakeTmp'
Building CXX object CMakeFiles/cmTC_3298f.dir/src.cxx.o
/usr/bin/c++    -DDBG_GDB_FOUND   -o CMakeFiles/cmTC_3298f.dir/src.cxx.o -c /__w/OpenTTD-modded/OpenTTD-modded/em_build/host_tools/CMakeFiles/CMakeTmp/src.cxx
Linking CXX executable cmTC_3298f
/usr/bin/cmake -E cmake_link_script CMakeFiles/cmTC_3298f.dir/link.txt --verbose=1
/usr/bin/c++   -DDBG_GDB_FOUND   -rdynamic  CMakeFiles/cmTC_3298f.dir/src.cxx.o  -o cmTC_3298f 
make[1]: Leaving directory '/__w/OpenTTD-modded/OpenTTD-modded/em_build/host_tools/CMakeFiles/CMakeTmp'

Source file was:

    #include <unistd.h>
    #include <sys/stat.h>
    #include <fcntl.h>
    #include <sys/syscall.h>
    #include <sys/types.h>
    #include <sys/wait.h>
    int main() {
        pid_t tid = syscall(SYS_gettid);
        int status;
        waitpid((pid_t) 0, &status, 0);
        return WIFEXITED(status) && WEXITSTATUS(status);
    }
Performing C++ SOURCE FILE Test PRCTL_PT_FOUND succeeded with the following output:
Change Dir: /__w/OpenTTD-modded/OpenTTD-modded/em_build/host_tools/CMakeFiles/CMakeTmp

Run Build Command:"/usr/bin/make" "cmTC_de07e/fast"
/usr/bin/make -f CMakeFiles/cmTC_de07e.dir/build.make CMakeFiles/cmTC_de07e.dir/build
make[1]: Entering directory '/__w/OpenTTD-modded/OpenTTD-modded/em_build/host_tools/CMakeFiles/CMakeTmp'
Building CXX object CMakeFiles/cmTC_de07e.dir/src.cxx.o
/usr/bin/c++    -DPRCTL_PT_FOUND   -o CMakeFiles/cmTC_de07e.dir/src.cxx.o -c /__w/OpenTTD-modded/OpenTTD-modded/em_build/host_tools/CMakeFiles/CMakeTmp/src.cxx
Linking CXX executable cmTC_de07e
/usr/bin/cmake -E cmake_link_script CMakeFiles/cmTC_de07e.dir/link.txt --verbose=1
/usr/bin/c++   -DPRCTL_PT_FOUND   -rdynamic  CMakeFiles/cmTC_de07e.dir/src.cxx.o  -o cmTC_de07e 
make[1]: Leaving directory '/__w/OpenTTD-modded/OpenTTD-modded/em_build/host_tools/CMakeFiles/CMakeTmp'

Source file was:

    #include <sys/prctl.h>
    int main() {
        return prctl(PR_SET_PTRACER, PR_SET_PTRACER_ANY, 0, 0, 0);
    }
Performing C++ SOURCE FILE Test UCONTEXT_FOUND succeeded with the following output:
Change Dir: /__w/OpenTTD-modded/OpenTTD-modded/em_build/host_tools/CMakeFiles/CMakeTmp

Run Build Command:"/usr/bin/make" "cmTC_22a00/fast"
/usr/bin/make -f CMakeFiles/cmTC_22a00.dir/build.make CMakeFiles/cmTC_22a00.dir/build
make[1]: Entering directory '/__w/OpenTTD-modded/OpenTTD-modded/em_build/host_tools/CMakeFiles/CMakeTmp'
Building CXX object CMakeFiles/cmTC_22a00.dir/src.cxx.o
/usr/bin/c++    -DUCONTEXT_FOUND   -o CMakeFiles/cmTC_22a00.dir/src.cxx.o -c /__w/OpenTTD-modded/OpenTTD-modded/em_build/host_tools/CMakeFiles/CMakeTmp/src.cxx
Linking CXX executable cmTC_22a00
/usr/bin/cmake -E cmake_link_script CMakeFiles/cmTC_22a00.dir/link.txt --verbose=1
/usr/bin/c++   -DUCONTEXT_FOUND   -rdynamic  CMakeFiles/cmTC_22a00.dir/src.cxx.o  -o cmTC_22a00 
make[1]: Leaving directory '/__w/OpenTTD-modded/OpenTTD-modded/em_build/host_tools/CMakeFiles/CMakeTmp'

Source file was:

#include <ucontext.h>
int main() {
    ucontext_t context;
#if defined(__x86_64__)
    void *ptr = (void *) context.uc_mcontext.gregs[REG_RIP];
#elif defined(__i386)
    void *ptr = (void *) context.uc_mcontext.gregs[REG_EIP];
#else
#error Unknown arch
#endif
    return 0;
}
Performing C++ SOURCE FILE Test SSE_FOUND succeeded with the following output:
Change Dir: /__w/OpenTTD-modded/OpenTTD-modded/em_build/host_tools/CMakeFiles/CMakeTmp

Run Build Command:"/usr/bin/make" "cmTC_280bd/fast"
/usr/bin/make -f CMakeFiles/cmTC_280bd.dir/build.make CMakeFiles/cmTC_280bd.dir/build
make[1]: Entering directory '/__w/OpenTTD-modded/OpenTTD-modded/em_build/host_tools/CMakeFiles/CMakeTmp'
Building CXX object CMakeFiles/cmTC_280bd.dir/src.cxx.o
/usr/bin/c++    -DSSE_FOUND -msse4.1   -o CMakeFiles/cmTC_280bd.dir/src.cxx.o -c /__w/OpenTTD-modded/OpenTTD-modded/em_build/host_tools/CMakeFiles/CMakeTmp/src.cxx
Linking CXX executable cmTC_280bd
/usr/bin/cmake -E cmake_link_script CMakeFiles/cmTC_280bd.dir/link.txt --verbose=1
/usr/bin/c++   -DSSE_FOUND -msse4.1   -rdynamic  CMakeFiles/cmTC_280bd.dir/src.cxx.o  -o cmTC_280bd 
make[1]: Leaving directory '/__w/OpenTTD-modded/OpenTTD-modded/em_build/host_tools/CMakeFiles/CMakeTmp'

Source file was:

    #include <xmmintrin.h>
    #include <smmintrin.h>
    #include <tmmintrin.h>
    int main() { return 0; }
