Determining if the pthread_create exist failed with the following output:
Change Dir: /__w/OpenTTD-modded/OpenTTD-modded/em_build/host_tools/CMakeFiles/CMakeTmp

Run Build Command:"/usr/bin/make" "cmTC_35be9/fast"
/usr/bin/make -f CMakeFiles/cmTC_35be9.dir/build.make CMakeFiles/cmTC_35be9.dir/build
make[1]: Entering directory '/__w/OpenTTD-modded/OpenTTD-modded/em_build/host_tools/CMakeFiles/CMakeTmp'
Building C object CMakeFiles/cmTC_35be9.dir/CheckSymbolExists.c.o
/usr/bin/cc    -o CMakeFiles/cmTC_35be9.dir/CheckSymbolExists.c.o   -c /__w/OpenTTD-modded/OpenTTD-modded/em_build/host_tools/CMakeFiles/CMakeTmp/CheckSymbolExists.c
Linking C executable cmTC_35be9
/usr/bin/cmake -E cmake_link_script CMakeFiles/cmTC_35be9.dir/link.txt --verbose=1
/usr/bin/cc     -rdynamic  CMakeFiles/cmTC_35be9.dir/CheckSymbolExists.c.o  -o cmTC_35be9 
/usr/bin/ld: CMakeFiles/cmTC_35be9.dir/CheckSymbolExists.c.o: in function `main':
CheckSymbolExists.c:(.text+0x1b): undefined reference to `pthread_create'
collect2: error: ld returned 1 exit status
make[1]: *** [CMakeFiles/cmTC_35be9.dir/build.make:87: cmTC_35be9] Error 1
make[1]: Leaving directory '/__w/OpenTTD-modded/OpenTTD-modded/em_build/host_tools/CMakeFiles/CMakeTmp'
make: *** [Makefile:121: cmTC_35be9/fast] Error 2

File /__w/OpenTTD-modded/OpenTTD-modded/em_build/host_tools/CMakeFiles/CMakeTmp/CheckSymbolExists.c:
/* */
#include <pthread.h>

int main(int argc, char** argv)
{
  (void)argv;
#ifndef pthread_create
  return ((int*)(&pthread_create))[argc];
#else
  (void)argc;
  return 0;
#endif
}

Determining if the function pthread_create exists in the pthreads failed with the following output:
Change Dir: /__w/OpenTTD-modded/OpenTTD-modded/em_build/host_tools/CMakeFiles/CMakeTmp

Run Build Command:"/usr/bin/make" "cmTC_8f17e/fast"
/usr/bin/make -f CMakeFiles/cmTC_8f17e.dir/build.make CMakeFiles/cmTC_8f17e.dir/build
make[1]: Entering directory '/__w/OpenTTD-modded/OpenTTD-modded/em_build/host_tools/CMakeFiles/CMakeTmp'
Building C object CMakeFiles/cmTC_8f17e.dir/CheckFunctionExists.c.o
/usr/bin/cc   -DCHECK_FUNCTION_EXISTS=pthread_create   -o CMakeFiles/cmTC_8f17e.dir/CheckFunctionExists.c.o   -c /usr/share/cmake-3.13/Modules/CheckFunctionExists.c
Linking C executable cmTC_8f17e
/usr/bin/cmake -E cmake_link_script CMakeFiles/cmTC_8f17e.dir/link.txt --verbose=1
/usr/bin/cc  -DCHECK_FUNCTION_EXISTS=pthread_create   -rdynamic  CMakeFiles/cmTC_8f17e.dir/CheckFunctionExists.c.o  -o cmTC_8f17e -lpthreads 
/usr/bin/ld: cannot find -lpthreads
collect2: error: ld returned 1 exit status
make[1]: *** [CMakeFiles/cmTC_8f17e.dir/build.make:87: cmTC_8f17e] Error 1
make[1]: Leaving directory '/__w/OpenTTD-modded/OpenTTD-modded/em_build/host_tools/CMakeFiles/CMakeTmp'
make: *** [Makefile:121: cmTC_8f17e/fast] Error 2


Performing C++ SOURCE FILE Test BFD_FOUND_A0 failed with the following output:
Change Dir: /__w/OpenTTD-modded/OpenTTD-modded/em_build/host_tools/CMakeFiles/CMakeTmp

Run Build Command:"/usr/bin/make" "cmTC_69f03/fast"
/usr/bin/make -f CMakeFiles/cmTC_69f03.dir/build.make CMakeFiles/cmTC_69f03.dir/build
make[1]: Entering directory '/__w/OpenTTD-modded/OpenTTD-modded/em_build/host_tools/CMakeFiles/CMakeTmp'
Building CXX object CMakeFiles/cmTC_69f03.dir/src.cxx.o
/usr/bin/c++    -DBFD_FOUND_A0   -o CMakeFiles/cmTC_69f03.dir/src.cxx.o -c /__w/OpenTTD-modded/OpenTTD-modded/em_build/host_tools/CMakeFiles/CMakeTmp/src.cxx
/__w/OpenTTD-modded/OpenTTD-modded/em_build/host_tools/CMakeFiles/CMakeTmp/src.cxx:4:18: fatal error: bfd.h: No such file or directory
         #include <bfd.h>
                  ^~~~~~~
compilation terminated.
make[1]: *** [CMakeFiles/cmTC_69f03.dir/build.make:66: CMakeFiles/cmTC_69f03.dir/src.cxx.o] Error 1
make[1]: Leaving directory '/__w/OpenTTD-modded/OpenTTD-modded/em_build/host_tools/CMakeFiles/CMakeTmp'
make: *** [Makefile:121: cmTC_69f03/fast] Error 2

Source file was:

        #define PACKAGE 1
        #define PACKAGE_VERSION 1
        #include <bfd.h>
        #include <unistd.h>
        int main() {
            bfd_init();
            bfd *abfd = bfd_openr("test", "test");
            bfd_check_format(abfd, bfd_object);
            bfd_get_file_flags(abfd);
            bfd_map_over_sections(abfd, (void (*)(bfd*, asection*, void*)) 0, (void *) 0);
            asymbol *syms = 0;
            long symcount = bfd_read_minisymbols(abfd, false, (void**) &syms, (unsigned int *) 0);
            bfd_get_section_flags(abfd, (asection*) 0);
            bfd_get_section_vma(abfd, (asection*) 0);
            bfd_section_size(abfd, (asection*) 0);
            bfd_find_nearest_line(abfd, (asection*) 0, (asymbol **) 0, (bfd_vma) 0, (const char **) 0, (const char **) 0, (unsigned int *) 0);
            return (int) symcount;
        }
Performing C++ SOURCE FILE Test BFD_FOUND_A1 failed with the following output:
Change Dir: /__w/OpenTTD-modded/OpenTTD-modded/em_build/host_tools/CMakeFiles/CMakeTmp

Run Build Command:"/usr/bin/make" "cmTC_db05e/fast"
/usr/bin/make -f CMakeFiles/cmTC_db05e.dir/build.make CMakeFiles/cmTC_db05e.dir/build
make[1]: Entering directory '/__w/OpenTTD-modded/OpenTTD-modded/em_build/host_tools/CMakeFiles/CMakeTmp'
Building CXX object CMakeFiles/cmTC_db05e.dir/src.cxx.o
/usr/bin/c++    -DBFD_FOUND_A1   -o CMakeFiles/cmTC_db05e.dir/src.cxx.o -c /__w/OpenTTD-modded/OpenTTD-modded/em_build/host_tools/CMakeFiles/CMakeTmp/src.cxx
/__w/OpenTTD-modded/OpenTTD-modded/em_build/host_tools/CMakeFiles/CMakeTmp/src.cxx:4:18: fatal error: bfd.h: No such file or directory
         #include <bfd.h>
                  ^~~~~~~
compilation terminated.
make[1]: *** [CMakeFiles/cmTC_db05e.dir/build.make:66: CMakeFiles/cmTC_db05e.dir/src.cxx.o] Error 1
make[1]: Leaving directory '/__w/OpenTTD-modded/OpenTTD-modded/em_build/host_tools/CMakeFiles/CMakeTmp'
make: *** [Makefile:121: cmTC_db05e/fast] Error 2

Source file was:

        #define PACKAGE 1
        #define PACKAGE_VERSION 1
        #include <bfd.h>
        #include <unistd.h>
        int main() {
            bfd_init();
            bfd *abfd = bfd_openr("test", "test");
            bfd_check_format(abfd, bfd_object);
            bfd_get_file_flags(abfd);
            bfd_map_over_sections(abfd, (void (*)(bfd*, asection*, void*)) 0, (void *) 0);
            asymbol *syms = 0;
            long symcount = bfd_read_minisymbols(abfd, false, (void**) &syms, (unsigned int *) 0);
            bfd_section_flags((asection*) 0);
            bfd_section_vma((asection*) 0);
            bfd_section_size((asection*) 0);
            bfd_find_nearest_line(abfd, (asection*) 0, (asymbol **) 0, (bfd_vma) 0, (const char **) 0, (const char **) 0, (unsigned int *) 0);
            return (int) symcount;
        }
Performing C++ SOURCE FILE Test BFD_FOUND_B0 failed with the following output:
Change Dir: /__w/OpenTTD-modded/OpenTTD-modded/em_build/host_tools/CMakeFiles/CMakeTmp

Run Build Command:"/usr/bin/make" "cmTC_8d969/fast"
/usr/bin/make -f CMakeFiles/cmTC_8d969.dir/build.make CMakeFiles/cmTC_8d969.dir/build
make[1]: Entering directory '/__w/OpenTTD-modded/OpenTTD-modded/em_build/host_tools/CMakeFiles/CMakeTmp'
Building CXX object CMakeFiles/cmTC_8d969.dir/src.cxx.o
/usr/bin/c++    -DBFD_FOUND_B0   -o CMakeFiles/cmTC_8d969.dir/src.cxx.o -c /__w/OpenTTD-modded/OpenTTD-modded/em_build/host_tools/CMakeFiles/CMakeTmp/src.cxx
/__w/OpenTTD-modded/OpenTTD-modded/em_build/host_tools/CMakeFiles/CMakeTmp/src.cxx:4:18: fatal error: bfd.h: No such file or directory
         #include <bfd.h>
                  ^~~~~~~
compilation terminated.
make[1]: *** [CMakeFiles/cmTC_8d969.dir/build.make:66: CMakeFiles/cmTC_8d969.dir/src.cxx.o] Error 1
make[1]: Leaving directory '/__w/OpenTTD-modded/OpenTTD-modded/em_build/host_tools/CMakeFiles/CMakeTmp'
make: *** [Makefile:121: cmTC_8d969/fast] Error 2

Source file was:

        #define PACKAGE 1
        #define PACKAGE_VERSION 1
        #include <bfd.h>
        #include <unistd.h>
        int main() {
            bfd_init();
            bfd *abfd = bfd_openr("test", "test");
            bfd_check_format(abfd, bfd_object);
            bfd_get_file_flags(abfd);
            bfd_map_over_sections(abfd, (void (*)(bfd*, asection*, void*)) 0, (void *) 0);
            asymbol *syms = 0;
            long symcount = bfd_read_minisymbols(abfd, false, (void**) &syms, (unsigned int *) 0);
            bfd_get_section_flags(abfd, (asection*) 0);
            bfd_get_section_vma(abfd, (asection*) 0);
            bfd_section_size(abfd, (asection*) 0);
            bfd_find_nearest_line(abfd, (asection*) 0, (asymbol **) 0, (bfd_vma) 0, (const char **) 0, (const char **) 0, (unsigned int *) 0);
            return (int) symcount;
        }
Performing C++ SOURCE FILE Test BFD_FOUND_B1 failed with the following output:
Change Dir: /__w/OpenTTD-modded/OpenTTD-modded/em_build/host_tools/CMakeFiles/CMakeTmp

Run Build Command:"/usr/bin/make" "cmTC_8db54/fast"
/usr/bin/make -f CMakeFiles/cmTC_8db54.dir/build.make CMakeFiles/cmTC_8db54.dir/build
make[1]: Entering directory '/__w/OpenTTD-modded/OpenTTD-modded/em_build/host_tools/CMakeFiles/CMakeTmp'
Building CXX object CMakeFiles/cmTC_8db54.dir/src.cxx.o
/usr/bin/c++    -DBFD_FOUND_B1   -o CMakeFiles/cmTC_8db54.dir/src.cxx.o -c /__w/OpenTTD-modded/OpenTTD-modded/em_build/host_tools/CMakeFiles/CMakeTmp/src.cxx
/__w/OpenTTD-modded/OpenTTD-modded/em_build/host_tools/CMakeFiles/CMakeTmp/src.cxx:4:18: fatal error: bfd.h: No such file or directory
         #include <bfd.h>
                  ^~~~~~~
compilation terminated.
make[1]: *** [CMakeFiles/cmTC_8db54.dir/build.make:66: CMakeFiles/cmTC_8db54.dir/src.cxx.o] Error 1
make[1]: Leaving directory '/__w/OpenTTD-modded/OpenTTD-modded/em_build/host_tools/CMakeFiles/CMakeTmp'
make: *** [Makefile:121: cmTC_8db54/fast] Error 2

Source file was:

        #define PACKAGE 1
        #define PACKAGE_VERSION 1
        #include <bfd.h>
        #include <unistd.h>
        int main() {
            bfd_init();
            bfd *abfd = bfd_openr("test", "test");
            bfd_check_format(abfd, bfd_object);
            bfd_get_file_flags(abfd);
            bfd_map_over_sections(abfd, (void (*)(bfd*, asection*, void*)) 0, (void *) 0);
            asymbol *syms = 0;
            long symcount = bfd_read_minisymbols(abfd, false, (void**) &syms, (unsigned int *) 0);
            bfd_section_flags((asection*) 0);
            bfd_section_vma((asection*) 0);
            bfd_section_size((asection*) 0);
            bfd_find_nearest_line(abfd, (asection*) 0, (asymbol **) 0, (bfd_vma) 0, (const char **) 0, (const char **) 0, (unsigned int *) 0);
            return (int) symcount;
        }
Performing C++ SOURCE FILE Test BFD_FOUND_C0 failed with the following output:
Change Dir: /__w/OpenTTD-modded/OpenTTD-modded/em_build/host_tools/CMakeFiles/CMakeTmp

Run Build Command:"/usr/bin/make" "cmTC_4397b/fast"
/usr/bin/make -f CMakeFiles/cmTC_4397b.dir/build.make CMakeFiles/cmTC_4397b.dir/build
make[1]: Entering directory '/__w/OpenTTD-modded/OpenTTD-modded/em_build/host_tools/CMakeFiles/CMakeTmp'
Building CXX object CMakeFiles/cmTC_4397b.dir/src.cxx.o
/usr/bin/c++    -DBFD_FOUND_C0   -o CMakeFiles/cmTC_4397b.dir/src.cxx.o -c /__w/OpenTTD-modded/OpenTTD-modded/em_build/host_tools/CMakeFiles/CMakeTmp/src.cxx
/__w/OpenTTD-modded/OpenTTD-modded/em_build/host_tools/CMakeFiles/CMakeTmp/src.cxx:4:18: fatal error: bfd.h: No such file or directory
         #include <bfd.h>
                  ^~~~~~~
compilation terminated.
make[1]: *** [CMakeFiles/cmTC_4397b.dir/build.make:66: CMakeFiles/cmTC_4397b.dir/src.cxx.o] Error 1
make[1]: Leaving directory '/__w/OpenTTD-modded/OpenTTD-modded/em_build/host_tools/CMakeFiles/CMakeTmp'
make: *** [Makefile:121: cmTC_4397b/fast] Error 2

Source file was:

        #define PACKAGE 1
        #define PACKAGE_VERSION 1
        #include <bfd.h>
        #include <unistd.h>
        int main() {
            bfd_init();
            bfd *abfd = bfd_openr("test", "test");
            bfd_check_format(abfd, bfd_object);
            bfd_get_file_flags(abfd);
            bfd_map_over_sections(abfd, (void (*)(bfd*, asection*, void*)) 0, (void *) 0);
            asymbol *syms = 0;
            long symcount = bfd_read_minisymbols(abfd, false, (void**) &syms, (unsigned int *) 0);
            bfd_get_section_flags(abfd, (asection*) 0);
            bfd_get_section_vma(abfd, (asection*) 0);
            bfd_section_size(abfd, (asection*) 0);
            bfd_find_nearest_line(abfd, (asection*) 0, (asymbol **) 0, (bfd_vma) 0, (const char **) 0, (const char **) 0, (unsigned int *) 0);
            return (int) symcount;
        }
Performing C++ SOURCE FILE Test BFD_FOUND_C1 failed with the following output:
Change Dir: /__w/OpenTTD-modded/OpenTTD-modded/em_build/host_tools/CMakeFiles/CMakeTmp

Run Build Command:"/usr/bin/make" "cmTC_883f5/fast"
/usr/bin/make -f CMakeFiles/cmTC_883f5.dir/build.make CMakeFiles/cmTC_883f5.dir/build
make[1]: Entering directory '/__w/OpenTTD-modded/OpenTTD-modded/em_build/host_tools/CMakeFiles/CMakeTmp'
Building CXX object CMakeFiles/cmTC_883f5.dir/src.cxx.o
/usr/bin/c++    -DBFD_FOUND_C1   -o CMakeFiles/cmTC_883f5.dir/src.cxx.o -c /__w/OpenTTD-modded/OpenTTD-modded/em_build/host_tools/CMakeFiles/CMakeTmp/src.cxx
/__w/OpenTTD-modded/OpenTTD-modded/em_build/host_tools/CMakeFiles/CMakeTmp/src.cxx:4:18: fatal error: bfd.h: No such file or directory
         #include <bfd.h>
                  ^~~~~~~
compilation terminated.
make[1]: *** [CMakeFiles/cmTC_883f5.dir/build.make:66: CMakeFiles/cmTC_883f5.dir/src.cxx.o] Error 1
make[1]: Leaving directory '/__w/OpenTTD-modded/OpenTTD-modded/em_build/host_tools/CMakeFiles/CMakeTmp'
make: *** [Makefile:121: cmTC_883f5/fast] Error 2

Source file was:

        #define PACKAGE 1
        #define PACKAGE_VERSION 1
        #include <bfd.h>
        #include <unistd.h>
        int main() {
            bfd_init();
            bfd *abfd = bfd_openr("test", "test");
            bfd_check_format(abfd, bfd_object);
            bfd_get_file_flags(abfd);
            bfd_map_over_sections(abfd, (void (*)(bfd*, asection*, void*)) 0, (void *) 0);
            asymbol *syms = 0;
            long symcount = bfd_read_minisymbols(abfd, false, (void**) &syms, (unsigned int *) 0);
            bfd_section_flags((asection*) 0);
            bfd_section_vma((asection*) 0);
            bfd_section_size((asection*) 0);
            bfd_find_nearest_line(abfd, (asection*) 0, (asymbol **) 0, (bfd_vma) 0, (const char **) 0, (const char **) 0, (unsigned int *) 0);
            return (int) symcount;
        }
Performing C++ SOURCE FILE Test XAUDIO2_FOUND failed with the following output:
Change Dir: /__w/OpenTTD-modded/OpenTTD-modded/em_build/host_tools/CMakeFiles/CMakeTmp

Run Build Command:"/usr/bin/make" "cmTC_73405/fast"
/usr/bin/make -f CMakeFiles/cmTC_73405.dir/build.make CMakeFiles/cmTC_73405.dir/build
make[1]: Entering directory '/__w/OpenTTD-modded/OpenTTD-modded/em_build/host_tools/CMakeFiles/CMakeTmp'
Building CXX object CMakeFiles/cmTC_73405.dir/src.cxx.o
/usr/bin/c++    -DXAUDIO2_FOUND   -o CMakeFiles/cmTC_73405.dir/src.cxx.o -c /__w/OpenTTD-modded/OpenTTD-modded/em_build/host_tools/CMakeFiles/CMakeTmp/src.cxx
/__w/OpenTTD-modded/OpenTTD-modded/em_build/host_tools/CMakeFiles/CMakeTmp/src.cxx:3:14: fatal error: windows.h: No such file or directory
     #include <windows.h>
              ^~~~~~~~~~~
compilation terminated.
make[1]: *** [CMakeFiles/cmTC_73405.dir/build.make:66: CMakeFiles/cmTC_73405.dir/src.cxx.o] Error 1
make[1]: Leaving directory '/__w/OpenTTD-modded/OpenTTD-modded/em_build/host_tools/CMakeFiles/CMakeTmp'
make: *** [Makefile:121: cmTC_73405/fast] Error 2

Source file was:

    #include <cstdio>
    #include <windows.h>

    #undef NTDDI_VERSION
    #undef _WIN32_WINNT

    #define NTDDI_VERSION    NTDDI_WIN8
    #define _WIN32_WINNT     _WIN32_WINNT_WIN8

    #include <xaudio2.h>
    int main() { printf("%s\n", XAUDIO2_DLL_A); return 0; }
